<?xml version="1.0" encoding="UTF-8"?>
<testsuite xmlns:xsi="http://www.w3.org/2001/XMLSchema-instance" xsi:noNamespaceSchemaLocation="https://maven.apache.org/surefire/maven-surefire-plugin/xsd/surefire-test-report-3.0.xsd" version="3.0" name="com.integration.kafka2crm.SpringContextTest" time="9.223" tests="1" errors="0" skipped="0" failures="0">
  <properties>
[...]
</properties>
  <testcase name="contextLoads" classname="com.integration.kafka2crm.SpringContextTest" time="1.932">
    <system-out><![CDATA[16:31:35.857 [main] INFO org.springframework.test.context.support.AnnotationConfigContextLoaderUtils -- Could not detect default configuration classes for test class [com.integration.kafka2crm.SpringContextTest]: SpringContextTest does not declare any static, non-private, non-final, nested classes annotated with @Configuration.
16:31:35.998 [main] INFO org.springframework.boot.test.context.SpringBootTestContextBootstrapper -- Found @SpringBootConfiguration com.integration.kafka2crm.Kafka2CrmApplication for test class com.integration.kafka2crm.SpringContextTest

  .   ____          _            __ _ _
 /\\ / ___'_ __ _ _(_)_ __  __ _ \ \ \ \
( ( )\___ | '_ | '_| | '_ \/ _` | \ \ \ \
 \\/  ___)| |_)| | | | | || (_| |  ) ) ) )
  '  |____| .__|_| |_|_| |_\__, | / / / /
 =========|_|==============|___/=/_/_/_/
 :: Spring Boot ::                (v3.2.3)

2025-04-11 16:31:37 [main] INFO  k.utils.Log4jControllerRegistration$ - Registered kafka:type=kafka.Log4jController MBean
 2025-04-11 16:31:37 [main] INFO  o.apache.zookeeper.common.X509Util - Setting -D jdk.tls.rejectClientInitiatedRenegotiation=true to disable client-initiated TLS renegotiation
 2025-04-11 16:31:37 [kafka-cluster-test-kit-executor-1] INFO  kafka.server.ControllerServer - Formatting /tmp/kafka-4789804643615924820/controller_0 with metadata.version 3.3-IV0.
 2025-04-11 16:31:37 [kafka-cluster-test-kit-executor-2] INFO  kafka.server.ControllerServer - [ControllerServer id=0] Starting controller
 2025-04-11 16:31:37 [kafka-cluster-test-kit-executor-3] INFO  kafka.server.BrokerServer - [BrokerServer id=0] Transition from SHUTDOWN to STARTING
 2025-04-11 16:31:37 [kafka-cluster-test-kit-executor-3] INFO  kafka.server.SharedServer - [SharedServer id=0] Starting SharedServer
 2025-04-11 16:31:37 [kafka-cluster-test-kit-executor-3] INFO  kafka.log.UnifiedLog$ - [LogLoader partition=__cluster_metadata-0, dir=/tmp/kafka-4789804643615924820/controller_0] Loading producer state till offset 0 with message format version 2
 2025-04-11 16:31:37 [kafka-cluster-test-kit-executor-3] INFO  kafka.log.UnifiedLog$ - [LogLoader partition=__cluster_metadata-0, dir=/tmp/kafka-4789804643615924820/controller_0] Reloading from producer snapshot and rebuilding producer state from offset 0
 2025-04-11 16:31:37 [kafka-cluster-test-kit-executor-3] INFO  kafka.log.UnifiedLog$ - [LogLoader partition=__cluster_metadata-0, dir=/tmp/kafka-4789804643615924820/controller_0] Producer state recovery took 0ms for snapshot load and 0ms for segment recovery from offset 0
 2025-04-11 16:31:37 [kafka-cluster-test-kit-executor-3] INFO  kafka.raft.KafkaMetadataLog$ - Initialized snapshots with IDs SortedSet() from /tmp/kafka-4789804643615924820/controller_0/__cluster_metadata-0
 2025-04-11 16:31:37 [raft-expiration-reaper] INFO  k.r.TimingWheelExpirationService$ExpiredOperationReaper - [raft-expiration-reaper]: Starting
 2025-04-11 16:31:37 [kafka-cluster-test-kit-executor-2] INFO  kafka.network.ConnectionQuotas - Updated connection-accept-rate max connection creation rate to 2147483647
 2025-04-11 16:31:38 [kafka-cluster-test-kit-executor-2] INFO  kafka.network.DataPlaneAcceptor - Awaiting socket connections on localhost:43407.
 2025-04-11 16:31:38 [kafka-cluster-test-kit-executor-2] INFO  kafka.network.DataPlaneAcceptor - Opened wildcard endpoint localhost:43407
 2025-04-11 16:31:38 [kafka-cluster-test-kit-executor-2] INFO  kafka.network.SocketServer - [SocketServer listenerType=CONTROLLER, nodeId=0] Created data-plane acceptor and processors for endpoint : ListenerName(CONTROLLER)
 2025-04-11 16:31:38 [kafka-0-raft-outbound-request-thread] INFO  kafka.raft.RaftSendThread - [kafka-0-raft-outbound-request-thread]: Starting
 2025-04-11 16:31:38 [kafka-0-raft-io-thread] INFO  k.raft.KafkaRaftManager$RaftIoThread - [kafka-0-raft-io-thread]: Starting
 2025-04-11 16:31:38 [kafka-cluster-test-kit-executor-3] INFO  kafka.server.BrokerServer - [BrokerServer id=0] Starting broker
 2025-04-11 16:31:38 [kafka-cluster-test-kit-executor-2] INFO  kafka.server.ControllerServer - [ControllerServer id=0] Waiting for controller quorum voters future
 2025-04-11 16:31:38 [kafka-cluster-test-kit-executor-2] INFO  kafka.server.ControllerServer - [ControllerServer id=0] Finished waiting for controller quorum voters future
 2025-04-11 16:31:38 [broker-0-ThrottledChannelReaper-Fetch] INFO  k.s.ClientQuotaManager$ThrottledChannelReaper - [broker-0-ThrottledChannelReaper-Fetch]: Starting
 2025-04-11 16:31:38 [broker-0-ThrottledChannelReaper-Produce] INFO  k.s.ClientQuotaManager$ThrottledChannelReaper - [broker-0-ThrottledChannelReaper-Produce]: Starting
 2025-04-11 16:31:38 [broker-0-ThrottledChannelReaper-Request] INFO  k.s.ClientQuotaManager$ThrottledChannelReaper - [broker-0-ThrottledChannelReaper-Request]: Starting
 2025-04-11 16:31:38 [broker-0-ThrottledChannelReaper-ControllerMutation] INFO  k.s.ClientQuotaManager$ThrottledChannelReaper - [broker-0-ThrottledChannelReaper-ControllerMutation]: Starting
 2025-04-11 16:31:38 [controller-0-ThrottledChannelReaper-Fetch] INFO  k.s.ClientQuotaManager$ThrottledChannelReaper - [controller-0-ThrottledChannelReaper-Fetch]: Starting
 2025-04-11 16:31:38 [controller-0-ThrottledChannelReaper-Produce] INFO  k.s.ClientQuotaManager$ThrottledChannelReaper - [controller-0-ThrottledChannelReaper-Produce]: Starting
 2025-04-11 16:31:38 [controller-0-ThrottledChannelReaper-Request] INFO  k.s.ClientQuotaManager$ThrottledChannelReaper - [controller-0-ThrottledChannelReaper-Request]: Starting
 2025-04-11 16:31:38 [kafka-cluster-test-kit-executor-3] INFO  kafka.log.LogManager - Log directory /tmp/kafka-4789804643615924820/broker_0_data0 not found, creating it.
 2025-04-11 16:31:38 [controller-0-ThrottledChannelReaper-ControllerMutation] INFO  k.s.ClientQuotaManager$ThrottledChannelReaper - [controller-0-ThrottledChannelReaper-ControllerMutation]: Starting
 2025-04-11 16:31:38 [quorum-controller-0-event-handler] WARN  o.a.k.controller.QuorumController - [QuorumController id=0] Performing controller activation. The metadata log appears to be empty. Appending 1 bootstrap record(s) in metadata transaction at metadata.version 3.6-IV2 from bootstrap source 'testkit'. Setting the ZK migration state to NONE since this is a de-novo KRaft cluster.
 2025-04-11 16:31:38 [kafka-cluster-test-kit-executor-3] INFO  kafka.server.BrokerServer - [BrokerServer id=0] Waiting for controller quorum voters future
 2025-04-11 16:31:38 [kafka-cluster-test-kit-executor-3] INFO  kafka.server.BrokerServer - [BrokerServer id=0] Finished waiting for controller quorum voters future
 2025-04-11 16:31:38 [ExpirationReaper-0-AlterAcls] INFO  k.s.DelayedOperationPurgatory$ExpiredOperationReaper - [ExpirationReaper-0-AlterAcls]: Starting
 2025-04-11 16:31:38 [broker-0-to-controller-forwarding-channel-manager] INFO  k.s.BrokerToControllerRequestThread - [broker-0-to-controller-forwarding-channel-manager]: Starting
 2025-04-11 16:31:38 [broker-0-to-controller-forwarding-channel-manager] INFO  k.s.BrokerToControllerRequestThread - [broker-0-to-controller-forwarding-channel-manager]: Recorded new controller, from now on will use node localhost:43407 (id: 0 rack: null)
 2025-04-11 16:31:38 [kafka-cluster-test-kit-executor-2] INFO  kafka.server.ControllerServer - [ControllerServer id=0] Waiting for the controller metadata publishers to be installed
 2025-04-11 16:31:38 [kafka-cluster-test-kit-executor-2] INFO  kafka.server.ControllerServer - [ControllerServer id=0] Finished waiting for the controller metadata publishers to be installed
 2025-04-11 16:31:38 [kafka-cluster-test-kit-executor-2] INFO  kafka.network.SocketServer - [SocketServer listenerType=CONTROLLER, nodeId=0] Enabling request processing.
 2025-04-11 16:31:38 [kafka-cluster-test-kit-executor-2] INFO  kafka.server.ControllerServer - [ControllerServer id=0] Waiting for all of the authorizer futures to be completed
 2025-04-11 16:31:38 [kafka-cluster-test-kit-executor-2] INFO  kafka.server.ControllerServer - [ControllerServer id=0] Finished waiting for all of the authorizer futures to be completed
 2025-04-11 16:31:38 [kafka-cluster-test-kit-executor-2] INFO  kafka.server.ControllerServer - [ControllerServer id=0] Waiting for all of the SocketServer Acceptors to be started
 2025-04-11 16:31:38 [kafka-cluster-test-kit-executor-2] INFO  kafka.server.ControllerServer - [ControllerServer id=0] Finished waiting for all of the SocketServer Acceptors to be started
 2025-04-11 16:31:38 [kafka-cluster-test-kit-executor-3] INFO  kafka.network.ConnectionQuotas - Updated connection-accept-rate max connection creation rate to 2147483647
 2025-04-11 16:31:38 [kafka-cluster-test-kit-executor-3] INFO  kafka.network.DataPlaneAcceptor - Awaiting socket connections on localhost:39545.
 2025-04-11 16:31:38 [kafka-cluster-test-kit-executor-3] INFO  kafka.network.DataPlaneAcceptor - Opened wildcard endpoint localhost:39545
 2025-04-11 16:31:38 [kafka-cluster-test-kit-executor-3] INFO  kafka.network.SocketServer - [SocketServer listenerType=BROKER, nodeId=0] Created data-plane acceptor and processors for endpoint : ListenerName(EXTERNAL)
 2025-04-11 16:31:38 [broker-0-to-controller-alter-partition-channel-manager] INFO  k.s.BrokerToControllerRequestThread - [broker-0-to-controller-alter-partition-channel-manager]: Starting
 2025-04-11 16:31:38 [broker-0-to-controller-alter-partition-channel-manager] INFO  k.s.BrokerToControllerRequestThread - [broker-0-to-controller-alter-partition-channel-manager]: Recorded new controller, from now on will use node localhost:43407 (id: 0 rack: null)
 2025-04-11 16:31:38 [ExpirationReaper-0-Produce] INFO  k.s.DelayedOperationPurgatory$ExpiredOperationReaper - [ExpirationReaper-0-Produce]: Starting
 2025-04-11 16:31:38 [ExpirationReaper-0-Fetch] INFO  k.s.DelayedOperationPurgatory$ExpiredOperationReaper - [ExpirationReaper-0-Fetch]: Starting
 2025-04-11 16:31:38 [ExpirationReaper-0-DeleteRecords] INFO  k.s.DelayedOperationPurgatory$ExpiredOperationReaper - [ExpirationReaper-0-DeleteRecords]: Starting
 2025-04-11 16:31:38 [ExpirationReaper-0-ElectLeader] INFO  k.s.DelayedOperationPurgatory$ExpiredOperationReaper - [ExpirationReaper-0-ElectLeader]: Starting
 2025-04-11 16:31:38 [ExpirationReaper-0-RemoteFetch] INFO  k.s.DelayedOperationPurgatory$ExpiredOperationReaper - [ExpirationReaper-0-RemoteFetch]: Starting
 2025-04-11 16:31:38 [ExpirationReaper-0-Heartbeat] INFO  k.s.DelayedOperationPurgatory$ExpiredOperationReaper - [ExpirationReaper-0-Heartbeat]: Starting
 2025-04-11 16:31:38 [ExpirationReaper-0-Rebalance] INFO  k.s.DelayedOperationPurgatory$ExpiredOperationReaper - [ExpirationReaper-0-Rebalance]: Starting
 2025-04-11 16:31:38 [broker-0-to-controller-heartbeat-channel-manager] INFO  k.s.BrokerToControllerRequestThread - [broker-0-to-controller-heartbeat-channel-manager]: Starting
 2025-04-11 16:31:38 [broker-0-to-controller-heartbeat-channel-manager] INFO  k.s.BrokerToControllerRequestThread - [broker-0-to-controller-heartbeat-channel-manager]: Recorded new controller, from now on will use node localhost:43407 (id: 0 rack: null)
 2025-04-11 16:31:38 [broker-0-lifecycle-manager-event-handler] INFO  kafka.server.BrokerLifecycleManager - [BrokerLifecycleManager id=0] Incarnation OqsfRPf2Ts-6gqmhgNhKQQ of broker 0 in cluster txCGtCQgQAiGQQYgAzA9Lw is now STARTING.
 2025-04-11 16:31:38 [ExpirationReaper-0-AlterAcls] INFO  k.s.DelayedOperationPurgatory$ExpiredOperationReaper - [ExpirationReaper-0-AlterAcls]: Starting
 2025-04-11 16:31:38 [kafka-cluster-test-kit-executor-3] INFO  kafka.server.BrokerServer - [BrokerServer id=0] Waiting for the broker metadata publishers to be installed
 2025-04-11 16:31:38 [kafka-0-metadata-loader-event-handler] INFO  k.s.metadata.BrokerMetadataPublisher - [BrokerMetadataPublisher id=0] Publishing initial metadata at offset OffsetAndEpoch(offset=4, epoch=1) with metadata.version 3.6-IV2.
 2025-04-11 16:31:38 [kafka-cluster-test-kit-executor-3] INFO  kafka.server.BrokerServer - [BrokerServer id=0] Finished waiting for the broker metadata publishers to be installed
 2025-04-11 16:31:38 [kafka-cluster-test-kit-executor-3] INFO  kafka.server.BrokerServer - [BrokerServer id=0] Waiting for the controller to acknowledge that we are caught up
 2025-04-11 16:31:38 [kafka-0-metadata-loader-event-handler] INFO  kafka.log.LogManager - Loading logs from log dirs ArraySeq(/tmp/kafka-4789804643615924820/broker_0_data0)
 2025-04-11 16:31:38 [kafka-0-metadata-loader-event-handler] INFO  kafka.log.LogManager - No logs found to be loaded in /tmp/kafka-4789804643615924820/broker_0_data0
 2025-04-11 16:31:38 [kafka-0-metadata-loader-event-handler] INFO  kafka.log.LogManager - Loaded 0 logs in 19ms
 2025-04-11 16:31:38 [kafka-0-metadata-loader-event-handler] INFO  kafka.log.LogManager - Starting log cleanup with a period of 300000 ms.
 2025-04-11 16:31:38 [kafka-0-metadata-loader-event-handler] INFO  kafka.log.LogManager - Starting log flusher with a default period of 9223372036854775807 ms.
 2025-04-11 16:31:38 [kafka-0-metadata-loader-event-handler] INFO  kafka.log.LogCleaner - Starting the log cleaner
 2025-04-11 16:31:38 [broker-0-to-controller-heartbeat-channel-manager] INFO  kafka.server.BrokerLifecycleManager - [BrokerLifecycleManager id=0] Successfully registered broker 0 with broker epoch 5
 2025-04-11 16:31:38 [kafka-log-cleaner-thread-0] INFO  kafka.log.LogCleaner$CleanerThread - [kafka-log-cleaner-thread-0]: Starting
 2025-04-11 16:31:38 [LogDirFailureHandler] INFO  k.s.ReplicaManager$LogDirFailureHandler - [LogDirFailureHandler]: Starting
 2025-04-11 16:31:38 [AddPartitionsToTxnSenderThread-0] INFO  k.server.AddPartitionsToTxnManager - [AddPartitionsToTxnSenderThread-0]: Starting
 2025-04-11 16:31:38 [kafka-0-metadata-loader-event-handler] INFO  k.coordinator.group.GroupCoordinator - [GroupCoordinator 0]: Starting up.
 2025-04-11 16:31:38 [kafka-0-metadata-loader-event-handler] INFO  k.coordinator.group.GroupCoordinator - [GroupCoordinator 0]: Startup complete.
 2025-04-11 16:31:38 [kafka-0-metadata-loader-event-handler] INFO  k.c.t.TransactionCoordinator - [TransactionCoordinator id=0] Starting up.
 2025-04-11 16:31:38 [TxnMarkerSenderThread-0] INFO  k.c.t.TransactionMarkerChannelManager - [TxnMarkerSenderThread-0]: Starting
 2025-04-11 16:31:38 [kafka-0-metadata-loader-event-handler] INFO  k.c.t.TransactionCoordinator - [TransactionCoordinator id=0] Startup complete.
 2025-04-11 16:31:38 [kafka-0-metadata-loader-event-handler] INFO  k.s.metadata.BrokerMetadataPublisher - [BrokerMetadataPublisher id=0] Updating metadata.version to 14 at offset OffsetAndEpoch(offset=4, epoch=1).
 2025-04-11 16:31:38 [broker-0-to-controller-heartbeat-channel-manager] INFO  kafka.server.BrokerLifecycleManager - [BrokerLifecycleManager id=0] The broker has caught up. Transitioning from STARTING to RECOVERY.
 2025-04-11 16:31:38 [kafka-cluster-test-kit-executor-3] INFO  kafka.server.BrokerServer - [BrokerServer id=0] Finished waiting for the controller to acknowledge that we are caught up
 2025-04-11 16:31:38 [kafka-cluster-test-kit-executor-3] INFO  kafka.server.BrokerServer - [BrokerServer id=0] Waiting for the initial broker metadata update to be published
 2025-04-11 16:31:38 [kafka-cluster-test-kit-executor-3] INFO  kafka.server.BrokerServer - [BrokerServer id=0] Finished waiting for the initial broker metadata update to be published
 2025-04-11 16:31:38 [kafka-cluster-test-kit-executor-3] INFO  kafka.server.KafkaConfig - KafkaConfig values: 
	advertised.listeners = null
	alter.config.policy.class.name = null
	alter.log.dirs.replication.quota.window.num = 11
	alter.log.dirs.replication.quota.window.size.seconds = 1
	authorizer.class.name = 
	auto.create.topics.enable = true
	auto.include.jmx.reporter = true
	auto.leader.rebalance.enable = true
	background.threads = 10
	broker.heartbeat.interval.ms = 2000
	broker.id = 0
	broker.id.generation.enable = true
	broker.rack = null
	broker.session.timeout.ms = 9000
	client.quota.callback.class = null
	compression.type = producer
	connection.failed.authentication.delay.ms = 100
	connections.max.idle.ms = 600000
	connections.max.reauth.ms = 0
	control.plane.listener.name = null
	controlled.shutdown.enable = true
	controlled.shutdown.max.retries = 3
	controlled.shutdown.retry.backoff.ms = 5000
	controller.listener.names = CONTROLLER
	controller.quorum.append.linger.ms = 25
	controller.quorum.election.backoff.max.ms = 1000
	controller.quorum.election.timeout.ms = 1000
	controller.quorum.fetch.timeout.ms = 2000
	controller.quorum.request.timeout.ms = 2000
	controller.quorum.retry.backoff.ms = 20
	controller.quorum.voters = [0@0.0.0.0:0]
	controller.quota.window.num = 11
	controller.quota.window.size.seconds = 1
	controller.socket.timeout.ms = 30000
	create.topic.policy.class.name = null
	default.replication.factor = 1
	delegation.token.expiry.check.interval.ms = 3600000
	delegation.token.expiry.time.ms = 86400000
	delegation.token.master.key = null
	delegation.token.max.lifetime.ms = 604800000
	delegation.token.secret.key = null
	delete.records.purgatory.purge.interval.requests = 1
	delete.topic.enable = true
	early.start.listeners = null
	fetch.max.bytes = 57671680
	fetch.purgatory.purge.interval.requests = 1000
	group.consumer.assignors = [org.apache.kafka.coordinator.group.assignor.RangeAssignor]
	group.consumer.heartbeat.interval.ms = 5000
	group.consumer.max.heartbeat.interval.ms = 15000
	group.consumer.max.session.timeout.ms = 60000
	group.consumer.max.size = 2147483647
	group.consumer.min.heartbeat.interval.ms = 5000
	group.consumer.min.session.timeout.ms = 45000
	group.consumer.session.timeout.ms = 45000
	group.coordinator.new.enable = false
	group.coordinator.threads = 1
	group.initial.rebalance.delay.ms = 0
	group.max.session.timeout.ms = 1800000
	group.max.size = 2147483647
	group.min.session.timeout.ms = 6000
	initial.broker.registration.timeout.ms = 60000
	inter.broker.listener.name = EXTERNAL
	inter.broker.protocol.version = 3.6-IV2
	kafka.metrics.polling.interval.secs = 10
	kafka.metrics.reporters = []
	leader.imbalance.check.interval.seconds = 300
	leader.imbalance.per.broker.percentage = 10
	listener.security.protocol.map = EXTERNAL:PLAINTEXT,CONTROLLER:PLAINTEXT
	listeners = EXTERNAL://localhost:0,CONTROLLER://localhost:0
	log.cleaner.backoff.ms = 15000
	log.cleaner.dedupe.buffer.size = 2097152
	log.cleaner.delete.retention.ms = 86400000
	log.cleaner.enable = true
	log.cleaner.io.buffer.load.factor = 0.9
	log.cleaner.io.buffer.size = 524288
	log.cleaner.io.max.bytes.per.second = 1.7976931348623157E308
	log.cleaner.max.compaction.lag.ms = 9223372036854775807
	log.cleaner.min.cleanable.ratio = 0.5
	log.cleaner.min.compaction.lag.ms = 0
	log.cleaner.threads = 1
	log.cleanup.policy = [delete]
	log.dir = /tmp/kafka-logs
	log.dirs = /tmp/kafka-4789804643615924820/broker_0_data0
	log.flush.interval.messages = 9223372036854775807
	log.flush.interval.ms = null
	log.flush.offset.checkpoint.interval.ms = 60000
	log.flush.scheduler.interval.ms = 9223372036854775807
	log.flush.start.offset.checkpoint.interval.ms = 60000
	log.index.interval.bytes = 4096
	log.index.size.max.bytes = 10485760
	log.local.retention.bytes = -2
	log.local.retention.ms = -2
	log.message.downconversion.enable = true
	log.message.format.version = 3.0-IV1
	log.message.timestamp.after.max.ms = 9223372036854775807
	log.message.timestamp.before.max.ms = 9223372036854775807
	log.message.timestamp.difference.max.ms = 9223372036854775807
	log.message.timestamp.type = CreateTime
	log.preallocate = false
	log.retention.bytes = -1
	log.retention.check.interval.ms = 300000
	log.retention.hours = 168
	log.retention.minutes = null
	log.retention.ms = null
	log.roll.hours = 168
	log.roll.jitter.hours = 0
	log.roll.jitter.ms = null
	log.roll.ms = null
	log.segment.bytes = 1073741824
	log.segment.delete.delay.ms = 60000
	max.connection.creation.rate = 2147483647
	max.connections = 2147483647
	max.connections.per.ip = 2147483647
	max.connections.per.ip.overrides = 
	max.incremental.fetch.session.cache.slots = 1000
	message.max.bytes = 1048588
	metadata.log.dir = /tmp/kafka-4789804643615924820/controller_0
	metadata.log.max.record.bytes.between.snapshots = 20971520
	metadata.log.max.snapshot.interval.ms = 3600000
	metadata.log.segment.bytes = 1073741824
	metadata.log.segment.min.bytes = 8388608
	metadata.log.segment.ms = 604800000
	metadata.max.idle.interval.ms = 500
	metadata.max.retention.bytes = 104857600
	metadata.max.retention.ms = 604800000
	metric.reporters = []
	metrics.num.samples = 2
	metrics.recording.level = INFO
	metrics.sample.window.ms = 30000
	min.insync.replicas = 1
	node.id = 0
	num.io.threads = 8
	num.network.threads = 3
	num.partitions = 1
	num.recovery.threads.per.data.dir = 1
	num.replica.alter.log.dirs.threads = null
	num.replica.fetchers = 1
	offset.metadata.max.bytes = 4096
	offsets.commit.required.acks = -1
	offsets.commit.timeout.ms = 5000
	offsets.load.buffer.size = 5242880
	offsets.retention.check.interval.ms = 600000
	offsets.retention.minutes = 10080
	offsets.topic.compression.codec = 0
	offsets.topic.num.partitions = 50
	offsets.topic.replication.factor = 1
	offsets.topic.segment.bytes = 104857600
	password.encoder.cipher.algorithm = AES/CBC/PKCS5Padding
	password.encoder.iterations = 4096
	password.encoder.key.length = 128
	password.encoder.keyfactory.algorithm = null
	password.encoder.old.secret = null
	password.encoder.secret = null
	principal.builder.class = class org.apache.kafka.common.security.authenticator.DefaultKafkaPrincipalBuilder
	process.roles = [broker, controller]
	producer.id.expiration.check.interval.ms = 600000
	producer.id.expiration.ms = 86400000
	producer.purgatory.purge.interval.requests = 1000
	queued.max.request.bytes = -1
	queued.max.requests = 500
	quota.window.num = 11
	quota.window.size.seconds = 1
	remote.log.index.file.cache.total.size.bytes = 1073741824
	remote.log.manager.task.interval.ms = 30000
	remote.log.manager.task.retry.backoff.max.ms = 30000
	remote.log.manager.task.retry.backoff.ms = 500
	remote.log.manager.task.retry.jitter = 0.2
	remote.log.manager.thread.pool.size = 10
	remote.log.metadata.custom.metadata.max.bytes = 128
	remote.log.metadata.manager.class.name = org.apache.kafka.server.log.remote.metadata.storage.TopicBasedRemoteLogMetadataManager
	remote.log.metadata.manager.class.path = null
	remote.log.metadata.manager.impl.prefix = rlmm.config.
	remote.log.metadata.manager.listener.name = null
	remote.log.reader.max.pending.tasks = 100
	remote.log.reader.threads = 10
	remote.log.storage.manager.class.name = null
	remote.log.storage.manager.class.path = null
	remote.log.storage.manager.impl.prefix = rsm.config.
	remote.log.storage.system.enable = false
	replica.fetch.backoff.ms = 1000
	replica.fetch.max.bytes = 1048576
	replica.fetch.min.bytes = 1
	replica.fetch.response.max.bytes = 10485760
	replica.fetch.wait.max.ms = 500
	replica.high.watermark.checkpoint.interval.ms = 5000
	replica.lag.time.max.ms = 30000
	replica.selector.class = null
	replica.socket.receive.buffer.bytes = 65536
	replica.socket.timeout.ms = 30000
	replication.quota.window.num = 11
	replication.quota.window.size.seconds = 1
	request.timeout.ms = 30000
	reserved.broker.max.id = 1000
	sasl.client.callback.handler.class = null
	sasl.enabled.mechanisms = [GSSAPI]
	sasl.jaas.config = null
	sasl.kerberos.kinit.cmd = /usr/bin/kinit
	sasl.kerberos.min.time.before.relogin = 60000
	sasl.kerberos.principal.to.local.rules = [DEFAULT]
	sasl.kerberos.service.name = null
	sasl.kerberos.ticket.renew.jitter = 0.05
	sasl.kerberos.ticket.renew.window.factor = 0.8
	sasl.login.callback.handler.class = null
	sasl.login.class = null
	sasl.login.connect.timeout.ms = null
	sasl.login.read.timeout.ms = null
	sasl.login.refresh.buffer.seconds = 300
	sasl.login.refresh.min.period.seconds = 60
	sasl.login.refresh.window.factor = 0.8
	sasl.login.refresh.window.jitter = 0.05
	sasl.login.retry.backoff.max.ms = 10000
	sasl.login.retry.backoff.ms = 100
	sasl.mechanism.controller.protocol = GSSAPI
	sasl.mechanism.inter.broker.protocol = GSSAPI
	sasl.oauthbearer.clock.skew.seconds = 30
	sasl.oauthbearer.expected.audience = null
	sasl.oauthbearer.expected.issuer = null
	sasl.oauthbearer.jwks.endpoint.refresh.ms = 3600000
	sasl.oauthbearer.jwks.endpoint.retry.backoff.max.ms = 10000
	sasl.oauthbearer.jwks.endpoint.retry.backoff.ms = 100
	sasl.oauthbearer.jwks.endpoint.url = null
	sasl.oauthbearer.scope.claim.name = scope
	sasl.oauthbearer.sub.claim.name = sub
	sasl.oauthbearer.token.endpoint.url = null
	sasl.server.callback.handler.class = null
	sasl.server.max.receive.size = 524288
	security.inter.broker.protocol = PLAINTEXT
	security.providers = null
	server.max.startup.time.ms = 600000
	socket.connection.setup.timeout.max.ms = 30000
	socket.connection.setup.timeout.ms = 10000
	socket.listen.backlog.size = 50
	socket.receive.buffer.bytes = 102400
	socket.request.max.bytes = 104857600
	socket.send.buffer.bytes = 102400
	ssl.cipher.suites = []
	ssl.client.auth = none
	ssl.enabled.protocols = [TLSv1.2, TLSv1.3]
	ssl.endpoint.identification.algorithm = https
	ssl.engine.factory.class = null
	ssl.key.password = null
	ssl.keymanager.algorithm = SunX509
	ssl.keystore.certificate.chain = null
	ssl.keystore.key = null
	ssl.keystore.location = null
	ssl.keystore.password = null
	ssl.keystore.type = JKS
	ssl.principal.mapping.rules = DEFAULT
	ssl.protocol = TLSv1.3
	ssl.provider = null
	ssl.secure.random.implementation = null
	ssl.trustmanager.algorithm = PKIX
	ssl.truststore.certificates = null
	ssl.truststore.location = null
	ssl.truststore.password = null
	ssl.truststore.type = JKS
	transaction.abort.timed.out.transaction.cleanup.interval.ms = 10000
	transaction.max.timeout.ms = 900000
	transaction.partition.verification.enable = true
	transaction.remove.expired.transaction.cleanup.interval.ms = 3600000
	transaction.state.log.load.buffer.size = 5242880
	transaction.state.log.min.isr = 2
	transaction.state.log.num.partitions = 50
	transaction.state.log.replication.factor = 3
	transaction.state.log.segment.bytes = 104857600
	transactional.id.expiration.ms = 604800000
	unclean.leader.election.enable = false
	unstable.api.versions.enable = false
	zookeeper.clientCnxnSocket = null
	zookeeper.connect = null
	zookeeper.connection.timeout.ms = null
	zookeeper.max.in.flight.requests = 10
	zookeeper.metadata.migration.enable = false
	zookeeper.session.timeout.ms = 18000
	zookeeper.set.acl = false
	zookeeper.ssl.cipher.suites = null
	zookeeper.ssl.client.enable = false
	zookeeper.ssl.crl.enable = false
	zookeeper.ssl.enabled.protocols = null
	zookeeper.ssl.endpoint.identification.algorithm = HTTPS
	zookeeper.ssl.keystore.location = null
	zookeeper.ssl.keystore.password = null
	zookeeper.ssl.keystore.type = null
	zookeeper.ssl.ocsp.enable = false
	zookeeper.ssl.protocol = TLSv1.2
	zookeeper.ssl.truststore.location = null
	zookeeper.ssl.truststore.password = null
	zookeeper.ssl.truststore.type = null

 2025-04-11 16:31:38 [kafka-cluster-test-kit-executor-3] INFO  kafka.server.BrokerServer - [BrokerServer id=0] Waiting for the broker to be unfenced
 2025-04-11 16:31:38 [broker-0-to-controller-heartbeat-channel-manager] INFO  kafka.server.BrokerLifecycleManager - [BrokerLifecycleManager id=0] The broker is in RECOVERY.
 2025-04-11 16:31:38 [broker-0-to-controller-heartbeat-channel-manager] INFO  kafka.server.BrokerLifecycleManager - [BrokerLifecycleManager id=0] The broker has been unfenced. Transitioning from RECOVERY to RUNNING.
 2025-04-11 16:31:38 [kafka-cluster-test-kit-executor-3] INFO  kafka.server.BrokerServer - [BrokerServer id=0] Finished waiting for the broker to be unfenced
 2025-04-11 16:31:38 [kafka-cluster-test-kit-executor-3] INFO  kafka.network.SocketServer - [SocketServer listenerType=BROKER, nodeId=0] Enabling request processing.
 2025-04-11 16:31:38 [kafka-cluster-test-kit-executor-3] INFO  kafka.server.BrokerServer - [BrokerServer id=0] Waiting for all of the authorizer futures to be completed
 2025-04-11 16:31:38 [kafka-cluster-test-kit-executor-3] INFO  kafka.server.BrokerServer - [BrokerServer id=0] Finished waiting for all of the authorizer futures to be completed
 2025-04-11 16:31:38 [kafka-cluster-test-kit-executor-3] INFO  kafka.server.BrokerServer - [BrokerServer id=0] Waiting for all of the SocketServer Acceptors to be started
 2025-04-11 16:31:38 [kafka-cluster-test-kit-executor-3] INFO  kafka.server.BrokerServer - [BrokerServer id=0] Finished waiting for all of the SocketServer Acceptors to be started
 2025-04-11 16:31:38 [kafka-cluster-test-kit-executor-3] INFO  kafka.server.BrokerServer - [BrokerServer id=0] Transition from STARTING to STARTED
 2025-04-11 16:31:39 [kafka-0-metadata-loader-event-handler] INFO  state.change.logger - [Broker id=0] Transitioning 1 partition(s) to local leaders.
 2025-04-11 16:31:39 [kafka-0-metadata-loader-event-handler] INFO  kafka.server.ReplicaFetcherManager - [ReplicaFetcherManager on broker 0] Removed fetcher for partitions Set(CLIENTES-0)
 2025-04-11 16:31:39 [kafka-0-metadata-loader-event-handler] INFO  state.change.logger - [Broker id=0] Creating new partition CLIENTES-0 with topic id 4HsjX3trQh6ca17blMa88A.
 2025-04-11 16:31:39 [main] INFO  c.i.kafka2crm.SpringContextTest - Starting SpringContextTest using Java 21.0.6 with PID 23302 (started by root in /root/aplic/springboot-kafka-consumer-template)
 2025-04-11 16:31:39 [main] DEBUG c.i.kafka2crm.SpringContextTest - Running with Spring Boot v3.2.3, Spring v6.1.4
 2025-04-11 16:31:39 [main] INFO  c.i.kafka2crm.SpringContextTest - The following 1 profile is active: "test"
 2025-04-11 16:31:39 [kafka-0-metadata-loader-event-handler] INFO  kafka.log.UnifiedLog$ - [LogLoader partition=CLIENTES-0, dir=/tmp/kafka-4789804643615924820/broker_0_data0] Loading producer state till offset 0 with message format version 2
 2025-04-11 16:31:39 [kafka-0-metadata-loader-event-handler] INFO  kafka.log.LogManager - Created log for partition CLIENTES-0 in /tmp/kafka-4789804643615924820/broker_0_data0/CLIENTES-0 with properties {}
 2025-04-11 16:31:39 [kafka-0-metadata-loader-event-handler] INFO  kafka.cluster.Partition - [Partition CLIENTES-0 broker=0] No checkpointed highwatermark is found for partition CLIENTES-0
 2025-04-11 16:31:39 [kafka-0-metadata-loader-event-handler] INFO  kafka.cluster.Partition - [Partition CLIENTES-0 broker=0] Log loaded for partition CLIENTES-0 with initial high watermark 0
 2025-04-11 16:31:39 [kafka-0-metadata-loader-event-handler] INFO  state.change.logger - [Broker id=0] Leader CLIENTES-0 with topic id Some(4HsjX3trQh6ca17blMa88A) starts at leader epoch 0 from offset 0 with partition epoch 0, high watermark 0, ISR [0], adding replicas [] and removing replicas [] . Previous leader None and previous leader epoch was -1.
 2025-04-11 16:31:42 [main] INFO  o.s.b.a.e.web.EndpointLinksResolver - Exposing 1 endpoint(s) beneath base path '/actuator'
 2025-04-11 16:31:43 [main] INFO  c.i.kafka2crm.SpringContextTest - Started SpringContextTest in 6.839 seconds (process running for 8.475)
 2025-04-11 16:31:43 [data-plane-kafka-request-handler-1] INFO  k.s.DefaultAutoTopicCreationManager - Sent auto-creation request for Set(__consumer_offsets) to the active controller.
 2025-04-11 16:31:43 [kafka-0-metadata-loader-event-handler] INFO  state.change.logger - [Broker id=0] Transitioning 50 partition(s) to local leaders.
 2025-04-11 16:31:43 [kafka-0-metadata-loader-event-handler] INFO  kafka.server.ReplicaFetcherManager - [ReplicaFetcherManager on broker 0] Removed fetcher for partitions Set(__consumer_offsets-13, __consumer_offsets-46, __consumer_offsets-9, __consumer_offsets-42, __consumer_offsets-21, __consumer_offsets-17, __consumer_offsets-30, __consumer_offsets-26, __consumer_offsets-5, __consumer_offsets-38, __consumer_offsets-1, __consumer_offsets-34, __consumer_offsets-16, __consumer_offsets-45, __consumer_offsets-12, __consumer_offsets-41, __consumer_offsets-24, __consumer_offsets-20, __consumer_offsets-49, __consumer_offsets-0, __consumer_offsets-29, __consumer_offsets-25, __consumer_offsets-8, __consumer_offsets-37, __consumer_offsets-4, __consumer_offsets-33, __consumer_offsets-15, __consumer_offsets-48, __consumer_offsets-11, __consumer_offsets-44, __consumer_offsets-23, __consumer_offsets-19, __consumer_offsets-32, __consumer_offsets-28, __consumer_offsets-7, __consumer_offsets-40, __consumer_offsets-3, __consumer_offsets-36, __consumer_offsets-47, __consumer_offsets-14, __consumer_offsets-43, __consumer_offsets-10, __consumer_offsets-22, __consumer_offsets-18, __consumer_offsets-31, __consumer_offsets-27, __consumer_offsets-39, __consumer_offsets-6, __consumer_offsets-35, __consumer_offsets-2)
 2025-04-11 16:31:43 [kafka-0-metadata-loader-event-handler] INFO  state.change.logger - [Broker id=0] Creating new partition __consumer_offsets-13 with topic id JOPDeHZxT2WVr3h5WqvTQg.
 2025-04-11 16:31:43 [kafka-0-metadata-loader-event-handler] INFO  kafka.log.UnifiedLog$ - [LogLoader partition=__consumer_offsets-13, dir=/tmp/kafka-4789804643615924820/broker_0_data0] Loading producer state till offset 0 with message format version 2
 2025-04-11 16:31:43 [kafka-0-metadata-loader-event-handler] INFO  kafka.log.LogManager - Created log for partition __consumer_offsets-13 in /tmp/kafka-4789804643615924820/broker_0_data0/__consumer_offsets-13 with properties {cleanup.policy=compact, compression.type="producer", segment.bytes=104857600}
 2025-04-11 16:31:43 [kafka-0-metadata-loader-event-handler] INFO  kafka.cluster.Partition - [Partition __consumer_offsets-13 broker=0] No checkpointed highwatermark is found for partition __consumer_offsets-13
 2025-04-11 16:31:43 [kafka-0-metadata-loader-event-handler] INFO  kafka.cluster.Partition - [Partition __consumer_offsets-13 broker=0] Log loaded for partition __consumer_offsets-13 with initial high watermark 0
 2025-04-11 16:31:43 [kafka-0-metadata-loader-event-handler] INFO  state.change.logger - [Broker id=0] Leader __consumer_offsets-13 with topic id Some(JOPDeHZxT2WVr3h5WqvTQg) starts at leader epoch 0 from offset 0 with partition epoch 0, high watermark 0, ISR [0], adding replicas [] and removing replicas [] . Previous leader None and previous leader epoch was -1.
 2025-04-11 16:31:43 [kafka-0-metadata-loader-event-handler] INFO  state.change.logger - [Broker id=0] Creating new partition __consumer_offsets-46 with topic id JOPDeHZxT2WVr3h5WqvTQg.
 2025-04-11 16:31:43 [kafka-0-metadata-loader-event-handler] INFO  kafka.log.UnifiedLog$ - [LogLoader partition=__consumer_offsets-46, dir=/tmp/kafka-4789804643615924820/broker_0_data0] Loading producer state till offset 0 with message format version 2
 2025-04-11 16:31:43 [kafka-0-metadata-loader-event-handler] INFO  kafka.log.LogManager - Created log for partition __consumer_offsets-46 in /tmp/kafka-4789804643615924820/broker_0_data0/__consumer_offsets-46 with properties {cleanup.policy=compact, compression.type="producer", segment.bytes=104857600}
 2025-04-11 16:31:43 [kafka-0-metadata-loader-event-handler] INFO  kafka.cluster.Partition - [Partition __consumer_offsets-46 broker=0] No checkpointed highwatermark is found for partition __consumer_offsets-46
 2025-04-11 16:31:43 [kafka-0-metadata-loader-event-handler] INFO  kafka.cluster.Partition - [Partition __consumer_offsets-46 broker=0] Log loaded for partition __consumer_offsets-46 with initial high watermark 0
 2025-04-11 16:31:43 [kafka-0-metadata-loader-event-handler] INFO  state.change.logger - [Broker id=0] Leader __consumer_offsets-46 with topic id Some(JOPDeHZxT2WVr3h5WqvTQg) starts at leader epoch 0 from offset 0 with partition epoch 0, high watermark 0, ISR [0], adding replicas [] and removing replicas [] . Previous leader None and previous leader epoch was -1.
 2025-04-11 16:31:43 [kafka-0-metadata-loader-event-handler] INFO  state.change.logger - [Broker id=0] Creating new partition __consumer_offsets-9 with topic id JOPDeHZxT2WVr3h5WqvTQg.
 2025-04-11 16:31:43 [kafka-0-metadata-loader-event-handler] INFO  kafka.log.UnifiedLog$ - [LogLoader partition=__consumer_offsets-9, dir=/tmp/kafka-4789804643615924820/broker_0_data0] Loading producer state till offset 0 with message format version 2
 2025-04-11 16:31:43 [kafka-0-metadata-loader-event-handler] INFO  kafka.log.LogManager - Created log for partition __consumer_offsets-9 in /tmp/kafka-4789804643615924820/broker_0_data0/__consumer_offsets-9 with properties {cleanup.policy=compact, compression.type="producer", segment.bytes=104857600}
 2025-04-11 16:31:43 [kafka-0-metadata-loader-event-handler] INFO  kafka.cluster.Partition - [Partition __consumer_offsets-9 broker=0] No checkpointed highwatermark is found for partition __consumer_offsets-9
 2025-04-11 16:31:43 [kafka-0-metadata-loader-event-handler] INFO  kafka.cluster.Partition - [Partition __consumer_offsets-9 broker=0] Log loaded for partition __consumer_offsets-9 with initial high watermark 0
 2025-04-11 16:31:43 [kafka-0-metadata-loader-event-handler] INFO  state.change.logger - [Broker id=0] Leader __consumer_offsets-9 with topic id Some(JOPDeHZxT2WVr3h5WqvTQg) starts at leader epoch 0 from offset 0 with partition epoch 0, high watermark 0, ISR [0], adding replicas [] and removing replicas [] . Previous leader None and previous leader epoch was -1.
 2025-04-11 16:31:43 [kafka-0-metadata-loader-event-handler] INFO  state.change.logger - [Broker id=0] Creating new partition __consumer_offsets-42 with topic id JOPDeHZxT2WVr3h5WqvTQg.
 2025-04-11 16:31:43 [kafka-0-metadata-loader-event-handler] INFO  kafka.log.UnifiedLog$ - [LogLoader partition=__consumer_offsets-42, dir=/tmp/kafka-4789804643615924820/broker_0_data0] Loading producer state till offset 0 with message format version 2
 2025-04-11 16:31:43 [kafka-0-metadata-loader-event-handler] INFO  kafka.log.LogManager - Created log for partition __consumer_offsets-42 in /tmp/kafka-4789804643615924820/broker_0_data0/__consumer_offsets-42 with properties {cleanup.policy=compact, compression.type="producer", segment.bytes=104857600}
 2025-04-11 16:31:43 [kafka-0-metadata-loader-event-handler] INFO  kafka.cluster.Partition - [Partition __consumer_offsets-42 broker=0] No checkpointed highwatermark is found for partition __consumer_offsets-42
 2025-04-11 16:31:43 [kafka-0-metadata-loader-event-handler] INFO  kafka.cluster.Partition - [Partition __consumer_offsets-42 broker=0] Log loaded for partition __consumer_offsets-42 with initial high watermark 0
 2025-04-11 16:31:43 [kafka-0-metadata-loader-event-handler] INFO  state.change.logger - [Broker id=0] Leader __consumer_offsets-42 with topic id Some(JOPDeHZxT2WVr3h5WqvTQg) starts at leader epoch 0 from offset 0 with partition epoch 0, high watermark 0, ISR [0], adding replicas [] and removing replicas [] . Previous leader None and previous leader epoch was -1.
 2025-04-11 16:31:43 [kafka-0-metadata-loader-event-handler] INFO  state.change.logger - [Broker id=0] Creating new partition __consumer_offsets-21 with topic id JOPDeHZxT2WVr3h5WqvTQg.
 2025-04-11 16:31:43 [kafka-0-metadata-loader-event-handler] INFO  kafka.log.UnifiedLog$ - [LogLoader partition=__consumer_offsets-21, dir=/tmp/kafka-4789804643615924820/broker_0_data0] Loading producer state till offset 0 with message format version 2
 2025-04-11 16:31:43 [kafka-0-metadata-loader-event-handler] INFO  kafka.log.LogManager - Created log for partition __consumer_offsets-21 in /tmp/kafka-4789804643615924820/broker_0_data0/__consumer_offsets-21 with properties {cleanup.policy=compact, compression.type="producer", segment.bytes=104857600}
 2025-04-11 16:31:43 [kafka-0-metadata-loader-event-handler] INFO  kafka.cluster.Partition - [Partition __consumer_offsets-21 broker=0] No checkpointed highwatermark is found for partition __consumer_offsets-21
 2025-04-11 16:31:43 [kafka-0-metadata-loader-event-handler] INFO  kafka.cluster.Partition - [Partition __consumer_offsets-21 broker=0] Log loaded for partition __consumer_offsets-21 with initial high watermark 0
 2025-04-11 16:31:43 [kafka-0-metadata-loader-event-handler] INFO  state.change.logger - [Broker id=0] Leader __consumer_offsets-21 with topic id Some(JOPDeHZxT2WVr3h5WqvTQg) starts at leader epoch 0 from offset 0 with partition epoch 0, high watermark 0, ISR [0], adding replicas [] and removing replicas [] . Previous leader None and previous leader epoch was -1.
 2025-04-11 16:31:43 [kafka-0-metadata-loader-event-handler] INFO  state.change.logger - [Broker id=0] Creating new partition __consumer_offsets-17 with topic id JOPDeHZxT2WVr3h5WqvTQg.
 2025-04-11 16:31:43 [kafka-0-metadata-loader-event-handler] INFO  kafka.log.UnifiedLog$ - [LogLoader partition=__consumer_offsets-17, dir=/tmp/kafka-4789804643615924820/broker_0_data0] Loading producer state till offset 0 with message format version 2
 2025-04-11 16:31:43 [kafka-0-metadata-loader-event-handler] INFO  kafka.log.LogManager - Created log for partition __consumer_offsets-17 in /tmp/kafka-4789804643615924820/broker_0_data0/__consumer_offsets-17 with properties {cleanup.policy=compact, compression.type="producer", segment.bytes=104857600}
 2025-04-11 16:31:43 [kafka-0-metadata-loader-event-handler] INFO  kafka.cluster.Partition - [Partition __consumer_offsets-17 broker=0] No checkpointed highwatermark is found for partition __consumer_offsets-17
 2025-04-11 16:31:43 [kafka-0-metadata-loader-event-handler] INFO  kafka.cluster.Partition - [Partition __consumer_offsets-17 broker=0] Log loaded for partition __consumer_offsets-17 with initial high watermark 0
 2025-04-11 16:31:43 [kafka-0-metadata-loader-event-handler] INFO  state.change.logger - [Broker id=0] Leader __consumer_offsets-17 with topic id Some(JOPDeHZxT2WVr3h5WqvTQg) starts at leader epoch 0 from offset 0 with partition epoch 0, high watermark 0, ISR [0], adding replicas [] and removing replicas [] . Previous leader None and previous leader epoch was -1.
 2025-04-11 16:31:43 [kafka-0-metadata-loader-event-handler] INFO  state.change.logger - [Broker id=0] Creating new partition __consumer_offsets-30 with topic id JOPDeHZxT2WVr3h5WqvTQg.
 2025-04-11 16:31:43 [kafka-0-metadata-loader-event-handler] INFO  kafka.log.UnifiedLog$ - [LogLoader partition=__consumer_offsets-30, dir=/tmp/kafka-4789804643615924820/broker_0_data0] Loading producer state till offset 0 with message format version 2
 2025-04-11 16:31:43 [kafka-0-metadata-loader-event-handler] INFO  kafka.log.LogManager - Created log for partition __consumer_offsets-30 in /tmp/kafka-4789804643615924820/broker_0_data0/__consumer_offsets-30 with properties {cleanup.policy=compact, compression.type="producer", segment.bytes=104857600}
 2025-04-11 16:31:43 [kafka-0-metadata-loader-event-handler] INFO  kafka.cluster.Partition - [Partition __consumer_offsets-30 broker=0] No checkpointed highwatermark is found for partition __consumer_offsets-30
 2025-04-11 16:31:43 [kafka-0-metadata-loader-event-handler] INFO  kafka.cluster.Partition - [Partition __consumer_offsets-30 broker=0] Log loaded for partition __consumer_offsets-30 with initial high watermark 0
 2025-04-11 16:31:43 [kafka-0-metadata-loader-event-handler] INFO  state.change.logger - [Broker id=0] Leader __consumer_offsets-30 with topic id Some(JOPDeHZxT2WVr3h5WqvTQg) starts at leader epoch 0 from offset 0 with partition epoch 0, high watermark 0, ISR [0], adding replicas [] and removing replicas [] . Previous leader None and previous leader epoch was -1.
 2025-04-11 16:31:43 [kafka-0-metadata-loader-event-handler] INFO  state.change.logger - [Broker id=0] Creating new partition __consumer_offsets-26 with topic id JOPDeHZxT2WVr3h5WqvTQg.
 2025-04-11 16:31:43 [kafka-0-metadata-loader-event-handler] INFO  kafka.log.UnifiedLog$ - [LogLoader partition=__consumer_offsets-26, dir=/tmp/kafka-4789804643615924820/broker_0_data0] Loading producer state till offset 0 with message format version 2
 2025-04-11 16:31:43 [kafka-0-metadata-loader-event-handler] INFO  kafka.log.LogManager - Created log for partition __consumer_offsets-26 in /tmp/kafka-4789804643615924820/broker_0_data0/__consumer_offsets-26 with properties {cleanup.policy=compact, compression.type="producer", segment.bytes=104857600}
 2025-04-11 16:31:43 [kafka-0-metadata-loader-event-handler] INFO  kafka.cluster.Partition - [Partition __consumer_offsets-26 broker=0] No checkpointed highwatermark is found for partition __consumer_offsets-26
 2025-04-11 16:31:43 [kafka-0-metadata-loader-event-handler] INFO  kafka.cluster.Partition - [Partition __consumer_offsets-26 broker=0] Log loaded for partition __consumer_offsets-26 with initial high watermark 0
 2025-04-11 16:31:43 [kafka-0-metadata-loader-event-handler] INFO  state.change.logger - [Broker id=0] Leader __consumer_offsets-26 with topic id Some(JOPDeHZxT2WVr3h5WqvTQg) starts at leader epoch 0 from offset 0 with partition epoch 0, high watermark 0, ISR [0], adding replicas [] and removing replicas [] . Previous leader None and previous leader epoch was -1.
 2025-04-11 16:31:43 [kafka-0-metadata-loader-event-handler] INFO  state.change.logger - [Broker id=0] Creating new partition __consumer_offsets-5 with topic id JOPDeHZxT2WVr3h5WqvTQg.
 2025-04-11 16:31:43 [kafka-0-metadata-loader-event-handler] INFO  kafka.log.UnifiedLog$ - [LogLoader partition=__consumer_offsets-5, dir=/tmp/kafka-4789804643615924820/broker_0_data0] Loading producer state till offset 0 with message format version 2
 2025-04-11 16:31:43 [kafka-0-metadata-loader-event-handler] INFO  kafka.log.LogManager - Created log for partition __consumer_offsets-5 in /tmp/kafka-4789804643615924820/broker_0_data0/__consumer_offsets-5 with properties {cleanup.policy=compact, compression.type="producer", segment.bytes=104857600}
 2025-04-11 16:31:43 [kafka-0-metadata-loader-event-handler] INFO  kafka.cluster.Partition - [Partition __consumer_offsets-5 broker=0] No checkpointed highwatermark is found for partition __consumer_offsets-5
 2025-04-11 16:31:43 [kafka-0-metadata-loader-event-handler] INFO  kafka.cluster.Partition - [Partition __consumer_offsets-5 broker=0] Log loaded for partition __consumer_offsets-5 with initial high watermark 0
 2025-04-11 16:31:43 [kafka-0-metadata-loader-event-handler] INFO  state.change.logger - [Broker id=0] Leader __consumer_offsets-5 with topic id Some(JOPDeHZxT2WVr3h5WqvTQg) starts at leader epoch 0 from offset 0 with partition epoch 0, high watermark 0, ISR [0], adding replicas [] and removing replicas [] . Previous leader None and previous leader epoch was -1.
 2025-04-11 16:31:43 [kafka-0-metadata-loader-event-handler] INFO  state.change.logger - [Broker id=0] Creating new partition __consumer_offsets-38 with topic id JOPDeHZxT2WVr3h5WqvTQg.
 2025-04-11 16:31:43 [kafka-0-metadata-loader-event-handler] INFO  kafka.log.UnifiedLog$ - [LogLoader partition=__consumer_offsets-38, dir=/tmp/kafka-4789804643615924820/broker_0_data0] Loading producer state till offset 0 with message format version 2
 2025-04-11 16:31:43 [kafka-0-metadata-loader-event-handler] INFO  kafka.log.LogManager - Created log for partition __consumer_offsets-38 in /tmp/kafka-4789804643615924820/broker_0_data0/__consumer_offsets-38 with properties {cleanup.policy=compact, compression.type="producer", segment.bytes=104857600}
 2025-04-11 16:31:43 [kafka-0-metadata-loader-event-handler] INFO  kafka.cluster.Partition - [Partition __consumer_offsets-38 broker=0] No checkpointed highwatermark is found for partition __consumer_offsets-38
 2025-04-11 16:31:43 [kafka-0-metadata-loader-event-handler] INFO  kafka.cluster.Partition - [Partition __consumer_offsets-38 broker=0] Log loaded for partition __consumer_offsets-38 with initial high watermark 0
 2025-04-11 16:31:43 [kafka-0-metadata-loader-event-handler] INFO  state.change.logger - [Broker id=0] Leader __consumer_offsets-38 with topic id Some(JOPDeHZxT2WVr3h5WqvTQg) starts at leader epoch 0 from offset 0 with partition epoch 0, high watermark 0, ISR [0], adding replicas [] and removing replicas [] . Previous leader None and previous leader epoch was -1.
 2025-04-11 16:31:43 [kafka-0-metadata-loader-event-handler] INFO  state.change.logger - [Broker id=0] Creating new partition __consumer_offsets-1 with topic id JOPDeHZxT2WVr3h5WqvTQg.
 2025-04-11 16:31:43 [kafka-0-metadata-loader-event-handler] INFO  kafka.log.UnifiedLog$ - [LogLoader partition=__consumer_offsets-1, dir=/tmp/kafka-4789804643615924820/broker_0_data0] Loading producer state till offset 0 with message format version 2
 2025-04-11 16:31:43 [kafka-0-metadata-loader-event-handler] INFO  kafka.log.LogManager - Created log for partition __consumer_offsets-1 in /tmp/kafka-4789804643615924820/broker_0_data0/__consumer_offsets-1 with properties {cleanup.policy=compact, compression.type="producer", segment.bytes=104857600}
 2025-04-11 16:31:43 [kafka-0-metadata-loader-event-handler] INFO  kafka.cluster.Partition - [Partition __consumer_offsets-1 broker=0] No checkpointed highwatermark is found for partition __consumer_offsets-1
 2025-04-11 16:31:43 [kafka-0-metadata-loader-event-handler] INFO  kafka.cluster.Partition - [Partition __consumer_offsets-1 broker=0] Log loaded for partition __consumer_offsets-1 with initial high watermark 0
 2025-04-11 16:31:43 [kafka-0-metadata-loader-event-handler] INFO  state.change.logger - [Broker id=0] Leader __consumer_offsets-1 with topic id Some(JOPDeHZxT2WVr3h5WqvTQg) starts at leader epoch 0 from offset 0 with partition epoch 0, high watermark 0, ISR [0], adding replicas [] and removing replicas [] . Previous leader None and previous leader epoch was -1.
 2025-04-11 16:31:43 [kafka-0-metadata-loader-event-handler] INFO  state.change.logger - [Broker id=0] Creating new partition __consumer_offsets-34 with topic id JOPDeHZxT2WVr3h5WqvTQg.
 2025-04-11 16:31:43 [kafka-0-metadata-loader-event-handler] INFO  kafka.log.UnifiedLog$ - [LogLoader partition=__consumer_offsets-34, dir=/tmp/kafka-4789804643615924820/broker_0_data0] Loading producer state till offset 0 with message format version 2
 2025-04-11 16:31:43 [kafka-0-metadata-loader-event-handler] INFO  kafka.log.LogManager - Created log for partition __consumer_offsets-34 in /tmp/kafka-4789804643615924820/broker_0_data0/__consumer_offsets-34 with properties {cleanup.policy=compact, compression.type="producer", segment.bytes=104857600}
 2025-04-11 16:31:43 [kafka-0-metadata-loader-event-handler] INFO  kafka.cluster.Partition - [Partition __consumer_offsets-34 broker=0] No checkpointed highwatermark is found for partition __consumer_offsets-34
 2025-04-11 16:31:43 [kafka-0-metadata-loader-event-handler] INFO  kafka.cluster.Partition - [Partition __consumer_offsets-34 broker=0] Log loaded for partition __consumer_offsets-34 with initial high watermark 0
 2025-04-11 16:31:43 [kafka-0-metadata-loader-event-handler] INFO  state.change.logger - [Broker id=0] Leader __consumer_offsets-34 with topic id Some(JOPDeHZxT2WVr3h5WqvTQg) starts at leader epoch 0 from offset 0 with partition epoch 0, high watermark 0, ISR [0], adding replicas [] and removing replicas [] . Previous leader None and previous leader epoch was -1.
 2025-04-11 16:31:43 [kafka-0-metadata-loader-event-handler] INFO  state.change.logger - [Broker id=0] Creating new partition __consumer_offsets-16 with topic id JOPDeHZxT2WVr3h5WqvTQg.
 2025-04-11 16:31:43 [kafka-0-metadata-loader-event-handler] INFO  kafka.log.UnifiedLog$ - [LogLoader partition=__consumer_offsets-16, dir=/tmp/kafka-4789804643615924820/broker_0_data0] Loading producer state till offset 0 with message format version 2
 2025-04-11 16:31:43 [kafka-0-metadata-loader-event-handler] INFO  kafka.log.LogManager - Created log for partition __consumer_offsets-16 in /tmp/kafka-4789804643615924820/broker_0_data0/__consumer_offsets-16 with properties {cleanup.policy=compact, compression.type="producer", segment.bytes=104857600}
 2025-04-11 16:31:43 [kafka-0-metadata-loader-event-handler] INFO  kafka.cluster.Partition - [Partition __consumer_offsets-16 broker=0] No checkpointed highwatermark is found for partition __consumer_offsets-16
 2025-04-11 16:31:43 [kafka-0-metadata-loader-event-handler] INFO  kafka.cluster.Partition - [Partition __consumer_offsets-16 broker=0] Log loaded for partition __consumer_offsets-16 with initial high watermark 0
 2025-04-11 16:31:43 [kafka-0-metadata-loader-event-handler] INFO  state.change.logger - [Broker id=0] Leader __consumer_offsets-16 with topic id Some(JOPDeHZxT2WVr3h5WqvTQg) starts at leader epoch 0 from offset 0 with partition epoch 0, high watermark 0, ISR [0], adding replicas [] and removing replicas [] . Previous leader None and previous leader epoch was -1.
 2025-04-11 16:31:43 [kafka-0-metadata-loader-event-handler] INFO  state.change.logger - [Broker id=0] Creating new partition __consumer_offsets-45 with topic id JOPDeHZxT2WVr3h5WqvTQg.
 2025-04-11 16:31:43 [kafka-0-metadata-loader-event-handler] INFO  kafka.log.UnifiedLog$ - [LogLoader partition=__consumer_offsets-45, dir=/tmp/kafka-4789804643615924820/broker_0_data0] Loading producer state till offset 0 with message format version 2
 2025-04-11 16:31:43 [kafka-0-metadata-loader-event-handler] INFO  kafka.log.LogManager - Created log for partition __consumer_offsets-45 in /tmp/kafka-4789804643615924820/broker_0_data0/__consumer_offsets-45 with properties {cleanup.policy=compact, compression.type="producer", segment.bytes=104857600}
 2025-04-11 16:31:43 [kafka-0-metadata-loader-event-handler] INFO  kafka.cluster.Partition - [Partition __consumer_offsets-45 broker=0] No checkpointed highwatermark is found for partition __consumer_offsets-45
 2025-04-11 16:31:43 [kafka-0-metadata-loader-event-handler] INFO  kafka.cluster.Partition - [Partition __consumer_offsets-45 broker=0] Log loaded for partition __consumer_offsets-45 with initial high watermark 0
 2025-04-11 16:31:43 [kafka-0-metadata-loader-event-handler] INFO  state.change.logger - [Broker id=0] Leader __consumer_offsets-45 with topic id Some(JOPDeHZxT2WVr3h5WqvTQg) starts at leader epoch 0 from offset 0 with partition epoch 0, high watermark 0, ISR [0], adding replicas [] and removing replicas [] . Previous leader None and previous leader epoch was -1.
 2025-04-11 16:31:43 [kafka-0-metadata-loader-event-handler] INFO  state.change.logger - [Broker id=0] Creating new partition __consumer_offsets-12 with topic id JOPDeHZxT2WVr3h5WqvTQg.
 2025-04-11 16:31:43 [kafka-0-metadata-loader-event-handler] INFO  kafka.log.UnifiedLog$ - [LogLoader partition=__consumer_offsets-12, dir=/tmp/kafka-4789804643615924820/broker_0_data0] Loading producer state till offset 0 with message format version 2
 2025-04-11 16:31:43 [kafka-0-metadata-loader-event-handler] INFO  kafka.log.LogManager - Created log for partition __consumer_offsets-12 in /tmp/kafka-4789804643615924820/broker_0_data0/__consumer_offsets-12 with properties {cleanup.policy=compact, compression.type="producer", segment.bytes=104857600}
 2025-04-11 16:31:43 [kafka-0-metadata-loader-event-handler] INFO  kafka.cluster.Partition - [Partition __consumer_offsets-12 broker=0] No checkpointed highwatermark is found for partition __consumer_offsets-12
 2025-04-11 16:31:43 [kafka-0-metadata-loader-event-handler] INFO  kafka.cluster.Partition - [Partition __consumer_offsets-12 broker=0] Log loaded for partition __consumer_offsets-12 with initial high watermark 0
 2025-04-11 16:31:43 [kafka-0-metadata-loader-event-handler] INFO  state.change.logger - [Broker id=0] Leader __consumer_offsets-12 with topic id Some(JOPDeHZxT2WVr3h5WqvTQg) starts at leader epoch 0 from offset 0 with partition epoch 0, high watermark 0, ISR [0], adding replicas [] and removing replicas [] . Previous leader None and previous leader epoch was -1.
 2025-04-11 16:31:44 [kafka-0-metadata-loader-event-handler] INFO  state.change.logger - [Broker id=0] Creating new partition __consumer_offsets-41 with topic id JOPDeHZxT2WVr3h5WqvTQg.
 2025-04-11 16:31:44 [kafka-0-metadata-loader-event-handler] INFO  kafka.log.UnifiedLog$ - [LogLoader partition=__consumer_offsets-41, dir=/tmp/kafka-4789804643615924820/broker_0_data0] Loading producer state till offset 0 with message format version 2
 2025-04-11 16:31:44 [kafka-0-metadata-loader-event-handler] INFO  kafka.log.LogManager - Created log for partition __consumer_offsets-41 in /tmp/kafka-4789804643615924820/broker_0_data0/__consumer_offsets-41 with properties {cleanup.policy=compact, compression.type="producer", segment.bytes=104857600}
 2025-04-11 16:31:44 [kafka-0-metadata-loader-event-handler] INFO  kafka.cluster.Partition - [Partition __consumer_offsets-41 broker=0] No checkpointed highwatermark is found for partition __consumer_offsets-41
 2025-04-11 16:31:44 [kafka-0-metadata-loader-event-handler] INFO  kafka.cluster.Partition - [Partition __consumer_offsets-41 broker=0] Log loaded for partition __consumer_offsets-41 with initial high watermark 0
 2025-04-11 16:31:44 [kafka-0-metadata-loader-event-handler] INFO  state.change.logger - [Broker id=0] Leader __consumer_offsets-41 with topic id Some(JOPDeHZxT2WVr3h5WqvTQg) starts at leader epoch 0 from offset 0 with partition epoch 0, high watermark 0, ISR [0], adding replicas [] and removing replicas [] . Previous leader None and previous leader epoch was -1.
 2025-04-11 16:31:44 [kafka-0-metadata-loader-event-handler] INFO  state.change.logger - [Broker id=0] Creating new partition __consumer_offsets-24 with topic id JOPDeHZxT2WVr3h5WqvTQg.
 2025-04-11 16:31:44 [kafka-0-metadata-loader-event-handler] INFO  kafka.log.UnifiedLog$ - [LogLoader partition=__consumer_offsets-24, dir=/tmp/kafka-4789804643615924820/broker_0_data0] Loading producer state till offset 0 with message format version 2
 2025-04-11 16:31:44 [kafka-0-metadata-loader-event-handler] INFO  kafka.log.LogManager - Created log for partition __consumer_offsets-24 in /tmp/kafka-4789804643615924820/broker_0_data0/__consumer_offsets-24 with properties {cleanup.policy=compact, compression.type="producer", segment.bytes=104857600}
 2025-04-11 16:31:44 [kafka-0-metadata-loader-event-handler] INFO  kafka.cluster.Partition - [Partition __consumer_offsets-24 broker=0] No checkpointed highwatermark is found for partition __consumer_offsets-24
 2025-04-11 16:31:44 [kafka-0-metadata-loader-event-handler] INFO  kafka.cluster.Partition - [Partition __consumer_offsets-24 broker=0] Log loaded for partition __consumer_offsets-24 with initial high watermark 0
 2025-04-11 16:31:44 [kafka-0-metadata-loader-event-handler] INFO  state.change.logger - [Broker id=0] Leader __consumer_offsets-24 with topic id Some(JOPDeHZxT2WVr3h5WqvTQg) starts at leader epoch 0 from offset 0 with partition epoch 0, high watermark 0, ISR [0], adding replicas [] and removing replicas [] . Previous leader None and previous leader epoch was -1.
 2025-04-11 16:31:44 [kafka-0-metadata-loader-event-handler] INFO  state.change.logger - [Broker id=0] Creating new partition __consumer_offsets-20 with topic id JOPDeHZxT2WVr3h5WqvTQg.
 2025-04-11 16:31:44 [kafka-0-metadata-loader-event-handler] INFO  kafka.log.UnifiedLog$ - [LogLoader partition=__consumer_offsets-20, dir=/tmp/kafka-4789804643615924820/broker_0_data0] Loading producer state till offset 0 with message format version 2
 2025-04-11 16:31:44 [kafka-0-metadata-loader-event-handler] INFO  kafka.log.LogManager - Created log for partition __consumer_offsets-20 in /tmp/kafka-4789804643615924820/broker_0_data0/__consumer_offsets-20 with properties {cleanup.policy=compact, compression.type="producer", segment.bytes=104857600}
 2025-04-11 16:31:44 [kafka-0-metadata-loader-event-handler] INFO  kafka.cluster.Partition - [Partition __consumer_offsets-20 broker=0] No checkpointed highwatermark is found for partition __consumer_offsets-20
 2025-04-11 16:31:44 [kafka-0-metadata-loader-event-handler] INFO  kafka.cluster.Partition - [Partition __consumer_offsets-20 broker=0] Log loaded for partition __consumer_offsets-20 with initial high watermark 0
 2025-04-11 16:31:44 [kafka-0-metadata-loader-event-handler] INFO  state.change.logger - [Broker id=0] Leader __consumer_offsets-20 with topic id Some(JOPDeHZxT2WVr3h5WqvTQg) starts at leader epoch 0 from offset 0 with partition epoch 0, high watermark 0, ISR [0], adding replicas [] and removing replicas [] . Previous leader None and previous leader epoch was -1.
 2025-04-11 16:31:44 [kafka-0-metadata-loader-event-handler] INFO  state.change.logger - [Broker id=0] Creating new partition __consumer_offsets-49 with topic id JOPDeHZxT2WVr3h5WqvTQg.
 2025-04-11 16:31:44 [kafka-0-metadata-loader-event-handler] INFO  kafka.log.UnifiedLog$ - [LogLoader partition=__consumer_offsets-49, dir=/tmp/kafka-4789804643615924820/broker_0_data0] Loading producer state till offset 0 with message format version 2
 2025-04-11 16:31:44 [kafka-0-metadata-loader-event-handler] INFO  kafka.log.LogManager - Created log for partition __consumer_offsets-49 in /tmp/kafka-4789804643615924820/broker_0_data0/__consumer_offsets-49 with properties {cleanup.policy=compact, compression.type="producer", segment.bytes=104857600}
 2025-04-11 16:31:44 [kafka-0-metadata-loader-event-handler] INFO  kafka.cluster.Partition - [Partition __consumer_offsets-49 broker=0] No checkpointed highwatermark is found for partition __consumer_offsets-49
 2025-04-11 16:31:44 [kafka-0-metadata-loader-event-handler] INFO  kafka.cluster.Partition - [Partition __consumer_offsets-49 broker=0] Log loaded for partition __consumer_offsets-49 with initial high watermark 0
 2025-04-11 16:31:44 [kafka-0-metadata-loader-event-handler] INFO  state.change.logger - [Broker id=0] Leader __consumer_offsets-49 with topic id Some(JOPDeHZxT2WVr3h5WqvTQg) starts at leader epoch 0 from offset 0 with partition epoch 0, high watermark 0, ISR [0], adding replicas [] and removing replicas [] . Previous leader None and previous leader epoch was -1.
 2025-04-11 16:31:44 [kafka-0-metadata-loader-event-handler] INFO  state.change.logger - [Broker id=0] Creating new partition __consumer_offsets-0 with topic id JOPDeHZxT2WVr3h5WqvTQg.
 2025-04-11 16:31:44 [kafka-0-metadata-loader-event-handler] INFO  kafka.log.UnifiedLog$ - [LogLoader partition=__consumer_offsets-0, dir=/tmp/kafka-4789804643615924820/broker_0_data0] Loading producer state till offset 0 with message format version 2
 2025-04-11 16:31:44 [kafka-0-metadata-loader-event-handler] INFO  kafka.log.LogManager - Created log for partition __consumer_offsets-0 in /tmp/kafka-4789804643615924820/broker_0_data0/__consumer_offsets-0 with properties {cleanup.policy=compact, compression.type="producer", segment.bytes=104857600}
 2025-04-11 16:31:44 [kafka-0-metadata-loader-event-handler] INFO  kafka.cluster.Partition - [Partition __consumer_offsets-0 broker=0] No checkpointed highwatermark is found for partition __consumer_offsets-0
 2025-04-11 16:31:44 [kafka-0-metadata-loader-event-handler] INFO  kafka.cluster.Partition - [Partition __consumer_offsets-0 broker=0] Log loaded for partition __consumer_offsets-0 with initial high watermark 0
 2025-04-11 16:31:44 [kafka-0-metadata-loader-event-handler] INFO  state.change.logger - [Broker id=0] Leader __consumer_offsets-0 with topic id Some(JOPDeHZxT2WVr3h5WqvTQg) starts at leader epoch 0 from offset 0 with partition epoch 0, high watermark 0, ISR [0], adding replicas [] and removing replicas [] . Previous leader None and previous leader epoch was -1.
 2025-04-11 16:31:44 [kafka-0-metadata-loader-event-handler] INFO  state.change.logger - [Broker id=0] Creating new partition __consumer_offsets-29 with topic id JOPDeHZxT2WVr3h5WqvTQg.
 2025-04-11 16:31:44 [kafka-0-metadata-loader-event-handler] INFO  kafka.log.UnifiedLog$ - [LogLoader partition=__consumer_offsets-29, dir=/tmp/kafka-4789804643615924820/broker_0_data0] Loading producer state till offset 0 with message format version 2
 2025-04-11 16:31:44 [kafka-0-metadata-loader-event-handler] INFO  kafka.log.LogManager - Created log for partition __consumer_offsets-29 in /tmp/kafka-4789804643615924820/broker_0_data0/__consumer_offsets-29 with properties {cleanup.policy=compact, compression.type="producer", segment.bytes=104857600}
 2025-04-11 16:31:44 [kafka-0-metadata-loader-event-handler] INFO  kafka.cluster.Partition - [Partition __consumer_offsets-29 broker=0] No checkpointed highwatermark is found for partition __consumer_offsets-29
 2025-04-11 16:31:44 [kafka-0-metadata-loader-event-handler] INFO  kafka.cluster.Partition - [Partition __consumer_offsets-29 broker=0] Log loaded for partition __consumer_offsets-29 with initial high watermark 0
 2025-04-11 16:31:44 [kafka-0-metadata-loader-event-handler] INFO  state.change.logger - [Broker id=0] Leader __consumer_offsets-29 with topic id Some(JOPDeHZxT2WVr3h5WqvTQg) starts at leader epoch 0 from offset 0 with partition epoch 0, high watermark 0, ISR [0], adding replicas [] and removing replicas [] . Previous leader None and previous leader epoch was -1.
 2025-04-11 16:31:44 [kafka-0-metadata-loader-event-handler] INFO  state.change.logger - [Broker id=0] Creating new partition __consumer_offsets-25 with topic id JOPDeHZxT2WVr3h5WqvTQg.
 2025-04-11 16:31:44 [kafka-0-metadata-loader-event-handler] INFO  kafka.log.UnifiedLog$ - [LogLoader partition=__consumer_offsets-25, dir=/tmp/kafka-4789804643615924820/broker_0_data0] Loading producer state till offset 0 with message format version 2
 2025-04-11 16:31:44 [kafka-0-metadata-loader-event-handler] INFO  kafka.log.LogManager - Created log for partition __consumer_offsets-25 in /tmp/kafka-4789804643615924820/broker_0_data0/__consumer_offsets-25 with properties {cleanup.policy=compact, compression.type="producer", segment.bytes=104857600}
 2025-04-11 16:31:44 [kafka-0-metadata-loader-event-handler] INFO  kafka.cluster.Partition - [Partition __consumer_offsets-25 broker=0] No checkpointed highwatermark is found for partition __consumer_offsets-25
 2025-04-11 16:31:44 [kafka-0-metadata-loader-event-handler] INFO  kafka.cluster.Partition - [Partition __consumer_offsets-25 broker=0] Log loaded for partition __consumer_offsets-25 with initial high watermark 0
 2025-04-11 16:31:44 [kafka-0-metadata-loader-event-handler] INFO  state.change.logger - [Broker id=0] Leader __consumer_offsets-25 with topic id Some(JOPDeHZxT2WVr3h5WqvTQg) starts at leader epoch 0 from offset 0 with partition epoch 0, high watermark 0, ISR [0], adding replicas [] and removing replicas [] . Previous leader None and previous leader epoch was -1.
 2025-04-11 16:31:44 [kafka-0-metadata-loader-event-handler] INFO  state.change.logger - [Broker id=0] Creating new partition __consumer_offsets-8 with topic id JOPDeHZxT2WVr3h5WqvTQg.
 2025-04-11 16:31:44 [kafka-0-metadata-loader-event-handler] INFO  kafka.log.UnifiedLog$ - [LogLoader partition=__consumer_offsets-8, dir=/tmp/kafka-4789804643615924820/broker_0_data0] Loading producer state till offset 0 with message format version 2
 2025-04-11 16:31:44 [kafka-0-metadata-loader-event-handler] INFO  kafka.log.LogManager - Created log for partition __consumer_offsets-8 in /tmp/kafka-4789804643615924820/broker_0_data0/__consumer_offsets-8 with properties {cleanup.policy=compact, compression.type="producer", segment.bytes=104857600}
 2025-04-11 16:31:44 [kafka-0-metadata-loader-event-handler] INFO  kafka.cluster.Partition - [Partition __consumer_offsets-8 broker=0] No checkpointed highwatermark is found for partition __consumer_offsets-8
 2025-04-11 16:31:44 [kafka-0-metadata-loader-event-handler] INFO  kafka.cluster.Partition - [Partition __consumer_offsets-8 broker=0] Log loaded for partition __consumer_offsets-8 with initial high watermark 0
 2025-04-11 16:31:44 [kafka-0-metadata-loader-event-handler] INFO  state.change.logger - [Broker id=0] Leader __consumer_offsets-8 with topic id Some(JOPDeHZxT2WVr3h5WqvTQg) starts at leader epoch 0 from offset 0 with partition epoch 0, high watermark 0, ISR [0], adding replicas [] and removing replicas [] . Previous leader None and previous leader epoch was -1.
 2025-04-11 16:31:44 [kafka-0-metadata-loader-event-handler] INFO  state.change.logger - [Broker id=0] Creating new partition __consumer_offsets-37 with topic id JOPDeHZxT2WVr3h5WqvTQg.
 2025-04-11 16:31:44 [kafka-0-metadata-loader-event-handler] INFO  kafka.log.UnifiedLog$ - [LogLoader partition=__consumer_offsets-37, dir=/tmp/kafka-4789804643615924820/broker_0_data0] Loading producer state till offset 0 with message format version 2
 2025-04-11 16:31:44 [kafka-0-metadata-loader-event-handler] INFO  kafka.log.LogManager - Created log for partition __consumer_offsets-37 in /tmp/kafka-4789804643615924820/broker_0_data0/__consumer_offsets-37 with properties {cleanup.policy=compact, compression.type="producer", segment.bytes=104857600}
 2025-04-11 16:31:44 [kafka-0-metadata-loader-event-handler] INFO  kafka.cluster.Partition - [Partition __consumer_offsets-37 broker=0] No checkpointed highwatermark is found for partition __consumer_offsets-37
 2025-04-11 16:31:44 [kafka-0-metadata-loader-event-handler] INFO  kafka.cluster.Partition - [Partition __consumer_offsets-37 broker=0] Log loaded for partition __consumer_offsets-37 with initial high watermark 0
 2025-04-11 16:31:44 [kafka-0-metadata-loader-event-handler] INFO  state.change.logger - [Broker id=0] Leader __consumer_offsets-37 with topic id Some(JOPDeHZxT2WVr3h5WqvTQg) starts at leader epoch 0 from offset 0 with partition epoch 0, high watermark 0, ISR [0], adding replicas [] and removing replicas [] . Previous leader None and previous leader epoch was -1.
 2025-04-11 16:31:44 [kafka-0-metadata-loader-event-handler] INFO  state.change.logger - [Broker id=0] Creating new partition __consumer_offsets-4 with topic id JOPDeHZxT2WVr3h5WqvTQg.
 2025-04-11 16:31:44 [kafka-0-metadata-loader-event-handler] INFO  kafka.log.UnifiedLog$ - [LogLoader partition=__consumer_offsets-4, dir=/tmp/kafka-4789804643615924820/broker_0_data0] Loading producer state till offset 0 with message format version 2
 2025-04-11 16:31:44 [kafka-0-metadata-loader-event-handler] INFO  kafka.log.LogManager - Created log for partition __consumer_offsets-4 in /tmp/kafka-4789804643615924820/broker_0_data0/__consumer_offsets-4 with properties {cleanup.policy=compact, compression.type="producer", segment.bytes=104857600}
 2025-04-11 16:31:44 [kafka-0-metadata-loader-event-handler] INFO  kafka.cluster.Partition - [Partition __consumer_offsets-4 broker=0] No checkpointed highwatermark is found for partition __consumer_offsets-4
 2025-04-11 16:31:44 [kafka-0-metadata-loader-event-handler] INFO  kafka.cluster.Partition - [Partition __consumer_offsets-4 broker=0] Log loaded for partition __consumer_offsets-4 with initial high watermark 0
 2025-04-11 16:31:44 [kafka-0-metadata-loader-event-handler] INFO  state.change.logger - [Broker id=0] Leader __consumer_offsets-4 with topic id Some(JOPDeHZxT2WVr3h5WqvTQg) starts at leader epoch 0 from offset 0 with partition epoch 0, high watermark 0, ISR [0], adding replicas [] and removing replicas [] . Previous leader None and previous leader epoch was -1.
 2025-04-11 16:31:44 [kafka-0-metadata-loader-event-handler] INFO  state.change.logger - [Broker id=0] Creating new partition __consumer_offsets-33 with topic id JOPDeHZxT2WVr3h5WqvTQg.
 2025-04-11 16:31:44 [kafka-0-metadata-loader-event-handler] INFO  kafka.log.UnifiedLog$ - [LogLoader partition=__consumer_offsets-33, dir=/tmp/kafka-4789804643615924820/broker_0_data0] Loading producer state till offset 0 with message format version 2
 2025-04-11 16:31:44 [kafka-0-metadata-loader-event-handler] INFO  kafka.log.LogManager - Created log for partition __consumer_offsets-33 in /tmp/kafka-4789804643615924820/broker_0_data0/__consumer_offsets-33 with properties {cleanup.policy=compact, compression.type="producer", segment.bytes=104857600}
 2025-04-11 16:31:44 [kafka-0-metadata-loader-event-handler] INFO  kafka.cluster.Partition - [Partition __consumer_offsets-33 broker=0] No checkpointed highwatermark is found for partition __consumer_offsets-33
 2025-04-11 16:31:44 [kafka-0-metadata-loader-event-handler] INFO  kafka.cluster.Partition - [Partition __consumer_offsets-33 broker=0] Log loaded for partition __consumer_offsets-33 with initial high watermark 0
 2025-04-11 16:31:44 [kafka-0-metadata-loader-event-handler] INFO  state.change.logger - [Broker id=0] Leader __consumer_offsets-33 with topic id Some(JOPDeHZxT2WVr3h5WqvTQg) starts at leader epoch 0 from offset 0 with partition epoch 0, high watermark 0, ISR [0], adding replicas [] and removing replicas [] . Previous leader None and previous leader epoch was -1.
 2025-04-11 16:31:44 [kafka-0-metadata-loader-event-handler] INFO  state.change.logger - [Broker id=0] Creating new partition __consumer_offsets-15 with topic id JOPDeHZxT2WVr3h5WqvTQg.
 2025-04-11 16:31:44 [kafka-0-metadata-loader-event-handler] INFO  kafka.log.UnifiedLog$ - [LogLoader partition=__consumer_offsets-15, dir=/tmp/kafka-4789804643615924820/broker_0_data0] Loading producer state till offset 0 with message format version 2
 2025-04-11 16:31:44 [kafka-0-metadata-loader-event-handler] INFO  kafka.log.LogManager - Created log for partition __consumer_offsets-15 in /tmp/kafka-4789804643615924820/broker_0_data0/__consumer_offsets-15 with properties {cleanup.policy=compact, compression.type="producer", segment.bytes=104857600}
 2025-04-11 16:31:44 [kafka-0-metadata-loader-event-handler] INFO  kafka.cluster.Partition - [Partition __consumer_offsets-15 broker=0] No checkpointed highwatermark is found for partition __consumer_offsets-15
 2025-04-11 16:31:44 [kafka-0-metadata-loader-event-handler] INFO  kafka.cluster.Partition - [Partition __consumer_offsets-15 broker=0] Log loaded for partition __consumer_offsets-15 with initial high watermark 0
 2025-04-11 16:31:44 [kafka-0-metadata-loader-event-handler] INFO  state.change.logger - [Broker id=0] Leader __consumer_offsets-15 with topic id Some(JOPDeHZxT2WVr3h5WqvTQg) starts at leader epoch 0 from offset 0 with partition epoch 0, high watermark 0, ISR [0], adding replicas [] and removing replicas [] . Previous leader None and previous leader epoch was -1.
 2025-04-11 16:31:44 [kafka-0-metadata-loader-event-handler] INFO  state.change.logger - [Broker id=0] Creating new partition __consumer_offsets-48 with topic id JOPDeHZxT2WVr3h5WqvTQg.
 2025-04-11 16:31:44 [kafka-0-metadata-loader-event-handler] INFO  kafka.log.UnifiedLog$ - [LogLoader partition=__consumer_offsets-48, dir=/tmp/kafka-4789804643615924820/broker_0_data0] Loading producer state till offset 0 with message format version 2
 2025-04-11 16:31:44 [kafka-0-metadata-loader-event-handler] INFO  kafka.log.LogManager - Created log for partition __consumer_offsets-48 in /tmp/kafka-4789804643615924820/broker_0_data0/__consumer_offsets-48 with properties {cleanup.policy=compact, compression.type="producer", segment.bytes=104857600}
 2025-04-11 16:31:44 [kafka-0-metadata-loader-event-handler] INFO  kafka.cluster.Partition - [Partition __consumer_offsets-48 broker=0] No checkpointed highwatermark is found for partition __consumer_offsets-48
 2025-04-11 16:31:44 [kafka-0-metadata-loader-event-handler] INFO  kafka.cluster.Partition - [Partition __consumer_offsets-48 broker=0] Log loaded for partition __consumer_offsets-48 with initial high watermark 0
 2025-04-11 16:31:44 [kafka-0-metadata-loader-event-handler] INFO  state.change.logger - [Broker id=0] Leader __consumer_offsets-48 with topic id Some(JOPDeHZxT2WVr3h5WqvTQg) starts at leader epoch 0 from offset 0 with partition epoch 0, high watermark 0, ISR [0], adding replicas [] and removing replicas [] . Previous leader None and previous leader epoch was -1.
 2025-04-11 16:31:44 [kafka-0-metadata-loader-event-handler] INFO  state.change.logger - [Broker id=0] Creating new partition __consumer_offsets-11 with topic id JOPDeHZxT2WVr3h5WqvTQg.
 2025-04-11 16:31:44 [kafka-0-metadata-loader-event-handler] INFO  kafka.log.UnifiedLog$ - [LogLoader partition=__consumer_offsets-11, dir=/tmp/kafka-4789804643615924820/broker_0_data0] Loading producer state till offset 0 with message format version 2
 2025-04-11 16:31:44 [kafka-0-metadata-loader-event-handler] INFO  kafka.log.LogManager - Created log for partition __consumer_offsets-11 in /tmp/kafka-4789804643615924820/broker_0_data0/__consumer_offsets-11 with properties {cleanup.policy=compact, compression.type="producer", segment.bytes=104857600}
 2025-04-11 16:31:44 [kafka-0-metadata-loader-event-handler] INFO  kafka.cluster.Partition - [Partition __consumer_offsets-11 broker=0] No checkpointed highwatermark is found for partition __consumer_offsets-11
 2025-04-11 16:31:44 [kafka-0-metadata-loader-event-handler] INFO  kafka.cluster.Partition - [Partition __consumer_offsets-11 broker=0] Log loaded for partition __consumer_offsets-11 with initial high watermark 0
 2025-04-11 16:31:44 [kafka-0-metadata-loader-event-handler] INFO  state.change.logger - [Broker id=0] Leader __consumer_offsets-11 with topic id Some(JOPDeHZxT2WVr3h5WqvTQg) starts at leader epoch 0 from offset 0 with partition epoch 0, high watermark 0, ISR [0], adding replicas [] and removing replicas [] . Previous leader None and previous leader epoch was -1.
 2025-04-11 16:31:44 [kafka-0-metadata-loader-event-handler] INFO  state.change.logger - [Broker id=0] Creating new partition __consumer_offsets-44 with topic id JOPDeHZxT2WVr3h5WqvTQg.
 2025-04-11 16:31:44 [kafka-0-metadata-loader-event-handler] INFO  kafka.log.UnifiedLog$ - [LogLoader partition=__consumer_offsets-44, dir=/tmp/kafka-4789804643615924820/broker_0_data0] Loading producer state till offset 0 with message format version 2
 2025-04-11 16:31:44 [kafka-0-metadata-loader-event-handler] INFO  kafka.log.LogManager - Created log for partition __consumer_offsets-44 in /tmp/kafka-4789804643615924820/broker_0_data0/__consumer_offsets-44 with properties {cleanup.policy=compact, compression.type="producer", segment.bytes=104857600}
 2025-04-11 16:31:44 [kafka-0-metadata-loader-event-handler] INFO  kafka.cluster.Partition - [Partition __consumer_offsets-44 broker=0] No checkpointed highwatermark is found for partition __consumer_offsets-44
 2025-04-11 16:31:44 [kafka-0-metadata-loader-event-handler] INFO  kafka.cluster.Partition - [Partition __consumer_offsets-44 broker=0] Log loaded for partition __consumer_offsets-44 with initial high watermark 0
 2025-04-11 16:31:44 [kafka-0-metadata-loader-event-handler] INFO  state.change.logger - [Broker id=0] Leader __consumer_offsets-44 with topic id Some(JOPDeHZxT2WVr3h5WqvTQg) starts at leader epoch 0 from offset 0 with partition epoch 0, high watermark 0, ISR [0], adding replicas [] and removing replicas [] . Previous leader None and previous leader epoch was -1.
 2025-04-11 16:31:44 [kafka-0-metadata-loader-event-handler] INFO  state.change.logger - [Broker id=0] Creating new partition __consumer_offsets-23 with topic id JOPDeHZxT2WVr3h5WqvTQg.
 2025-04-11 16:31:44 [kafka-0-metadata-loader-event-handler] INFO  kafka.log.UnifiedLog$ - [LogLoader partition=__consumer_offsets-23, dir=/tmp/kafka-4789804643615924820/broker_0_data0] Loading producer state till offset 0 with message format version 2
 2025-04-11 16:31:44 [kafka-0-metadata-loader-event-handler] INFO  kafka.log.LogManager - Created log for partition __consumer_offsets-23 in /tmp/kafka-4789804643615924820/broker_0_data0/__consumer_offsets-23 with properties {cleanup.policy=compact, compression.type="producer", segment.bytes=104857600}
 2025-04-11 16:31:44 [kafka-0-metadata-loader-event-handler] INFO  kafka.cluster.Partition - [Partition __consumer_offsets-23 broker=0] No checkpointed highwatermark is found for partition __consumer_offsets-23
 2025-04-11 16:31:44 [kafka-0-metadata-loader-event-handler] INFO  kafka.cluster.Partition - [Partition __consumer_offsets-23 broker=0] Log loaded for partition __consumer_offsets-23 with initial high watermark 0
 2025-04-11 16:31:44 [kafka-0-metadata-loader-event-handler] INFO  state.change.logger - [Broker id=0] Leader __consumer_offsets-23 with topic id Some(JOPDeHZxT2WVr3h5WqvTQg) starts at leader epoch 0 from offset 0 with partition epoch 0, high watermark 0, ISR [0], adding replicas [] and removing replicas [] . Previous leader None and previous leader epoch was -1.
 2025-04-11 16:31:44 [kafka-0-metadata-loader-event-handler] INFO  state.change.logger - [Broker id=0] Creating new partition __consumer_offsets-19 with topic id JOPDeHZxT2WVr3h5WqvTQg.
 2025-04-11 16:31:44 [kafka-0-metadata-loader-event-handler] INFO  kafka.log.UnifiedLog$ - [LogLoader partition=__consumer_offsets-19, dir=/tmp/kafka-4789804643615924820/broker_0_data0] Loading producer state till offset 0 with message format version 2
 2025-04-11 16:31:44 [kafka-0-metadata-loader-event-handler] INFO  kafka.log.LogManager - Created log for partition __consumer_offsets-19 in /tmp/kafka-4789804643615924820/broker_0_data0/__consumer_offsets-19 with properties {cleanup.policy=compact, compression.type="producer", segment.bytes=104857600}
 2025-04-11 16:31:44 [kafka-0-metadata-loader-event-handler] INFO  kafka.cluster.Partition - [Partition __consumer_offsets-19 broker=0] No checkpointed highwatermark is found for partition __consumer_offsets-19
 2025-04-11 16:31:44 [kafka-0-metadata-loader-event-handler] INFO  kafka.cluster.Partition - [Partition __consumer_offsets-19 broker=0] Log loaded for partition __consumer_offsets-19 with initial high watermark 0
 2025-04-11 16:31:44 [kafka-0-metadata-loader-event-handler] INFO  state.change.logger - [Broker id=0] Leader __consumer_offsets-19 with topic id Some(JOPDeHZxT2WVr3h5WqvTQg) starts at leader epoch 0 from offset 0 with partition epoch 0, high watermark 0, ISR [0], adding replicas [] and removing replicas [] . Previous leader None and previous leader epoch was -1.
 2025-04-11 16:31:44 [kafka-0-metadata-loader-event-handler] INFO  state.change.logger - [Broker id=0] Creating new partition __consumer_offsets-32 with topic id JOPDeHZxT2WVr3h5WqvTQg.
 2025-04-11 16:31:44 [kafka-0-metadata-loader-event-handler] INFO  kafka.log.UnifiedLog$ - [LogLoader partition=__consumer_offsets-32, dir=/tmp/kafka-4789804643615924820/broker_0_data0] Loading producer state till offset 0 with message format version 2
 2025-04-11 16:31:44 [kafka-0-metadata-loader-event-handler] INFO  kafka.log.LogManager - Created log for partition __consumer_offsets-32 in /tmp/kafka-4789804643615924820/broker_0_data0/__consumer_offsets-32 with properties {cleanup.policy=compact, compression.type="producer", segment.bytes=104857600}
 2025-04-11 16:31:44 [kafka-0-metadata-loader-event-handler] INFO  kafka.cluster.Partition - [Partition __consumer_offsets-32 broker=0] No checkpointed highwatermark is found for partition __consumer_offsets-32
 2025-04-11 16:31:44 [kafka-0-metadata-loader-event-handler] INFO  kafka.cluster.Partition - [Partition __consumer_offsets-32 broker=0] Log loaded for partition __consumer_offsets-32 with initial high watermark 0
 2025-04-11 16:31:44 [kafka-0-metadata-loader-event-handler] INFO  state.change.logger - [Broker id=0] Leader __consumer_offsets-32 with topic id Some(JOPDeHZxT2WVr3h5WqvTQg) starts at leader epoch 0 from offset 0 with partition epoch 0, high watermark 0, ISR [0], adding replicas [] and removing replicas [] . Previous leader None and previous leader epoch was -1.
 2025-04-11 16:31:44 [kafka-0-metadata-loader-event-handler] INFO  state.change.logger - [Broker id=0] Creating new partition __consumer_offsets-28 with topic id JOPDeHZxT2WVr3h5WqvTQg.
 2025-04-11 16:31:44 [kafka-0-metadata-loader-event-handler] INFO  kafka.log.UnifiedLog$ - [LogLoader partition=__consumer_offsets-28, dir=/tmp/kafka-4789804643615924820/broker_0_data0] Loading producer state till offset 0 with message format version 2
 2025-04-11 16:31:44 [kafka-0-metadata-loader-event-handler] INFO  kafka.log.LogManager - Created log for partition __consumer_offsets-28 in /tmp/kafka-4789804643615924820/broker_0_data0/__consumer_offsets-28 with properties {cleanup.policy=compact, compression.type="producer", segment.bytes=104857600}
 2025-04-11 16:31:44 [kafka-0-metadata-loader-event-handler] INFO  kafka.cluster.Partition - [Partition __consumer_offsets-28 broker=0] No checkpointed highwatermark is found for partition __consumer_offsets-28
 2025-04-11 16:31:44 [kafka-0-metadata-loader-event-handler] INFO  kafka.cluster.Partition - [Partition __consumer_offsets-28 broker=0] Log loaded for partition __consumer_offsets-28 with initial high watermark 0
 2025-04-11 16:31:44 [kafka-0-metadata-loader-event-handler] INFO  state.change.logger - [Broker id=0] Leader __consumer_offsets-28 with topic id Some(JOPDeHZxT2WVr3h5WqvTQg) starts at leader epoch 0 from offset 0 with partition epoch 0, high watermark 0, ISR [0], adding replicas [] and removing replicas [] . Previous leader None and previous leader epoch was -1.
 2025-04-11 16:31:44 [kafka-0-metadata-loader-event-handler] INFO  state.change.logger - [Broker id=0] Creating new partition __consumer_offsets-7 with topic id JOPDeHZxT2WVr3h5WqvTQg.
 2025-04-11 16:31:44 [kafka-0-metadata-loader-event-handler] INFO  kafka.log.UnifiedLog$ - [LogLoader partition=__consumer_offsets-7, dir=/tmp/kafka-4789804643615924820/broker_0_data0] Loading producer state till offset 0 with message format version 2
 2025-04-11 16:31:44 [kafka-0-metadata-loader-event-handler] INFO  kafka.log.LogManager - Created log for partition __consumer_offsets-7 in /tmp/kafka-4789804643615924820/broker_0_data0/__consumer_offsets-7 with properties {cleanup.policy=compact, compression.type="producer", segment.bytes=104857600}
 2025-04-11 16:31:44 [kafka-0-metadata-loader-event-handler] INFO  kafka.cluster.Partition - [Partition __consumer_offsets-7 broker=0] No checkpointed highwatermark is found for partition __consumer_offsets-7
 2025-04-11 16:31:44 [kafka-0-metadata-loader-event-handler] INFO  kafka.cluster.Partition - [Partition __consumer_offsets-7 broker=0] Log loaded for partition __consumer_offsets-7 with initial high watermark 0
 2025-04-11 16:31:44 [kafka-0-metadata-loader-event-handler] INFO  state.change.logger - [Broker id=0] Leader __consumer_offsets-7 with topic id Some(JOPDeHZxT2WVr3h5WqvTQg) starts at leader epoch 0 from offset 0 with partition epoch 0, high watermark 0, ISR [0], adding replicas [] and removing replicas [] . Previous leader None and previous leader epoch was -1.
 2025-04-11 16:31:44 [kafka-0-metadata-loader-event-handler] INFO  state.change.logger - [Broker id=0] Creating new partition __consumer_offsets-40 with topic id JOPDeHZxT2WVr3h5WqvTQg.
 2025-04-11 16:31:44 [kafka-0-metadata-loader-event-handler] INFO  kafka.log.UnifiedLog$ - [LogLoader partition=__consumer_offsets-40, dir=/tmp/kafka-4789804643615924820/broker_0_data0] Loading producer state till offset 0 with message format version 2
 2025-04-11 16:31:44 [kafka-0-metadata-loader-event-handler] INFO  kafka.log.LogManager - Created log for partition __consumer_offsets-40 in /tmp/kafka-4789804643615924820/broker_0_data0/__consumer_offsets-40 with properties {cleanup.policy=compact, compression.type="producer", segment.bytes=104857600}
 2025-04-11 16:31:44 [kafka-0-metadata-loader-event-handler] INFO  kafka.cluster.Partition - [Partition __consumer_offsets-40 broker=0] No checkpointed highwatermark is found for partition __consumer_offsets-40
 2025-04-11 16:31:44 [kafka-0-metadata-loader-event-handler] INFO  kafka.cluster.Partition - [Partition __consumer_offsets-40 broker=0] Log loaded for partition __consumer_offsets-40 with initial high watermark 0
 2025-04-11 16:31:44 [kafka-0-metadata-loader-event-handler] INFO  state.change.logger - [Broker id=0] Leader __consumer_offsets-40 with topic id Some(JOPDeHZxT2WVr3h5WqvTQg) starts at leader epoch 0 from offset 0 with partition epoch 0, high watermark 0, ISR [0], adding replicas [] and removing replicas [] . Previous leader None and previous leader epoch was -1.
 2025-04-11 16:31:44 [kafka-0-metadata-loader-event-handler] INFO  state.change.logger - [Broker id=0] Creating new partition __consumer_offsets-3 with topic id JOPDeHZxT2WVr3h5WqvTQg.
 2025-04-11 16:31:44 [kafka-0-metadata-loader-event-handler] INFO  kafka.log.UnifiedLog$ - [LogLoader partition=__consumer_offsets-3, dir=/tmp/kafka-4789804643615924820/broker_0_data0] Loading producer state till offset 0 with message format version 2
 2025-04-11 16:31:44 [kafka-0-metadata-loader-event-handler] INFO  kafka.log.LogManager - Created log for partition __consumer_offsets-3 in /tmp/kafka-4789804643615924820/broker_0_data0/__consumer_offsets-3 with properties {cleanup.policy=compact, compression.type="producer", segment.bytes=104857600}
 2025-04-11 16:31:44 [kafka-0-metadata-loader-event-handler] INFO  kafka.cluster.Partition - [Partition __consumer_offsets-3 broker=0] No checkpointed highwatermark is found for partition __consumer_offsets-3
 2025-04-11 16:31:44 [kafka-0-metadata-loader-event-handler] INFO  kafka.cluster.Partition - [Partition __consumer_offsets-3 broker=0] Log loaded for partition __consumer_offsets-3 with initial high watermark 0
 2025-04-11 16:31:44 [kafka-0-metadata-loader-event-handler] INFO  state.change.logger - [Broker id=0] Leader __consumer_offsets-3 with topic id Some(JOPDeHZxT2WVr3h5WqvTQg) starts at leader epoch 0 from offset 0 with partition epoch 0, high watermark 0, ISR [0], adding replicas [] and removing replicas [] . Previous leader None and previous leader epoch was -1.
 2025-04-11 16:31:44 [kafka-0-metadata-loader-event-handler] INFO  state.change.logger - [Broker id=0] Creating new partition __consumer_offsets-36 with topic id JOPDeHZxT2WVr3h5WqvTQg.
 2025-04-11 16:31:44 [kafka-0-metadata-loader-event-handler] INFO  kafka.log.UnifiedLog$ - [LogLoader partition=__consumer_offsets-36, dir=/tmp/kafka-4789804643615924820/broker_0_data0] Loading producer state till offset 0 with message format version 2
 2025-04-11 16:31:44 [kafka-0-metadata-loader-event-handler] INFO  kafka.log.LogManager - Created log for partition __consumer_offsets-36 in /tmp/kafka-4789804643615924820/broker_0_data0/__consumer_offsets-36 with properties {cleanup.policy=compact, compression.type="producer", segment.bytes=104857600}
 2025-04-11 16:31:44 [kafka-0-metadata-loader-event-handler] INFO  kafka.cluster.Partition - [Partition __consumer_offsets-36 broker=0] No checkpointed highwatermark is found for partition __consumer_offsets-36
 2025-04-11 16:31:44 [kafka-0-metadata-loader-event-handler] INFO  kafka.cluster.Partition - [Partition __consumer_offsets-36 broker=0] Log loaded for partition __consumer_offsets-36 with initial high watermark 0
 2025-04-11 16:31:44 [kafka-0-metadata-loader-event-handler] INFO  state.change.logger - [Broker id=0] Leader __consumer_offsets-36 with topic id Some(JOPDeHZxT2WVr3h5WqvTQg) starts at leader epoch 0 from offset 0 with partition epoch 0, high watermark 0, ISR [0], adding replicas [] and removing replicas [] . Previous leader None and previous leader epoch was -1.
 2025-04-11 16:31:44 [kafka-0-metadata-loader-event-handler] INFO  state.change.logger - [Broker id=0] Creating new partition __consumer_offsets-47 with topic id JOPDeHZxT2WVr3h5WqvTQg.
 2025-04-11 16:31:44 [kafka-0-metadata-loader-event-handler] INFO  kafka.log.UnifiedLog$ - [LogLoader partition=__consumer_offsets-47, dir=/tmp/kafka-4789804643615924820/broker_0_data0] Loading producer state till offset 0 with message format version 2
 2025-04-11 16:31:44 [kafka-0-metadata-loader-event-handler] INFO  kafka.log.LogManager - Created log for partition __consumer_offsets-47 in /tmp/kafka-4789804643615924820/broker_0_data0/__consumer_offsets-47 with properties {cleanup.policy=compact, compression.type="producer", segment.bytes=104857600}
 2025-04-11 16:31:44 [kafka-0-metadata-loader-event-handler] INFO  kafka.cluster.Partition - [Partition __consumer_offsets-47 broker=0] No checkpointed highwatermark is found for partition __consumer_offsets-47
 2025-04-11 16:31:44 [kafka-0-metadata-loader-event-handler] INFO  kafka.cluster.Partition - [Partition __consumer_offsets-47 broker=0] Log loaded for partition __consumer_offsets-47 with initial high watermark 0
 2025-04-11 16:31:44 [kafka-0-metadata-loader-event-handler] INFO  state.change.logger - [Broker id=0] Leader __consumer_offsets-47 with topic id Some(JOPDeHZxT2WVr3h5WqvTQg) starts at leader epoch 0 from offset 0 with partition epoch 0, high watermark 0, ISR [0], adding replicas [] and removing replicas [] . Previous leader None and previous leader epoch was -1.
 2025-04-11 16:31:44 [kafka-0-metadata-loader-event-handler] INFO  state.change.logger - [Broker id=0] Creating new partition __consumer_offsets-14 with topic id JOPDeHZxT2WVr3h5WqvTQg.
 2025-04-11 16:31:44 [kafka-0-metadata-loader-event-handler] INFO  kafka.log.UnifiedLog$ - [LogLoader partition=__consumer_offsets-14, dir=/tmp/kafka-4789804643615924820/broker_0_data0] Loading producer state till offset 0 with message format version 2
 2025-04-11 16:31:44 [kafka-0-metadata-loader-event-handler] INFO  kafka.log.LogManager - Created log for partition __consumer_offsets-14 in /tmp/kafka-4789804643615924820/broker_0_data0/__consumer_offsets-14 with properties {cleanup.policy=compact, compression.type="producer", segment.bytes=104857600}
 2025-04-11 16:31:44 [kafka-0-metadata-loader-event-handler] INFO  kafka.cluster.Partition - [Partition __consumer_offsets-14 broker=0] No checkpointed highwatermark is found for partition __consumer_offsets-14
 2025-04-11 16:31:44 [kafka-0-metadata-loader-event-handler] INFO  kafka.cluster.Partition - [Partition __consumer_offsets-14 broker=0] Log loaded for partition __consumer_offsets-14 with initial high watermark 0
 2025-04-11 16:31:44 [kafka-0-metadata-loader-event-handler] INFO  state.change.logger - [Broker id=0] Leader __consumer_offsets-14 with topic id Some(JOPDeHZxT2WVr3h5WqvTQg) starts at leader epoch 0 from offset 0 with partition epoch 0, high watermark 0, ISR [0], adding replicas [] and removing replicas [] . Previous leader None and previous leader epoch was -1.
 ]]></system-out>
    <system-err><![CDATA[WARNING: A Java agent has been loaded dynamically (/root/.m2/repository/net/bytebuddy/byte-buddy-agent/1.14.12/byte-buddy-agent-1.14.12.jar)
WARNING: If a serviceability tool is in use, please run with -XX:+EnableDynamicAgentLoading to hide this warning
WARNING: If a serviceability tool is not in use, please run with -Djdk.instrument.traceUsage for more information
WARNING: Dynamic loading of agents will be disallowed by default in a future release
]]></system-err>
  </testcase>
</testsuite>